{"D:\\Proyectos\\PuntoDeVenta\\PosDesktop\\src\\data\\datasource\\ds-sqlite\\PosDatabase.ts": {"path":"D:\\Proyectos\\PuntoDeVenta\\PosDesktop\\src\\data\\datasource\\ds-sqlite\\PosDatabase.ts","statementMap":{"0":{"start":{"line":5,"column":29},"end":{"line":5,"column":33}},"1":{"start":{"line":9,"column":8},"end":{"line":9,"column":29}},"2":{"start":{"line":13,"column":8},"end":{"line":23,"column":11}},"3":{"start":{"line":14,"column":12},"end":{"line":22,"column":13}},"4":{"start":{"line":15,"column":16},"end":{"line":15,"column":98}},"5":{"start":{"line":16,"column":16},"end":{"line":21,"column":17}},"6":{"start":{"line":17,"column":20},"end":{"line":17,"column":43}},"7":{"start":{"line":18,"column":20},"end":{"line":18,"column":30}},"8":{"start":{"line":20,"column":20},"end":{"line":20,"column":69}},"9":{"start":{"line":27,"column":8},"end":{"line":29,"column":9}},"10":{"start":{"line":28,"column":12},"end":{"line":28,"column":59}},"11":{"start":{"line":30,"column":8},"end":{"line":30,"column":23}},"12":{"start":{"line":34,"column":8},"end":{"line":49,"column":11}},"13":{"start":{"line":35,"column":12},"end":{"line":48,"column":13}},"14":{"start":{"line":36,"column":16},"end":{"line":45,"column":19}},"15":{"start":{"line":37,"column":20},"end":{"line":44,"column":21}},"16":{"start":{"line":38,"column":24},"end":{"line":38,"column":78}},"17":{"start":{"line":39,"column":24},"end":{"line":39,"column":36}},"18":{"start":{"line":41,"column":24},"end":{"line":41,"column":56}},"19":{"start":{"line":42,"column":24},"end":{"line":42,"column":39}},"20":{"start":{"line":43,"column":24},"end":{"line":43,"column":34}},"21":{"start":{"line":47,"column":16},"end":{"line":47,"column":26}},"22":{"start":{"line":53,"column":8},"end":{"line":71,"column":10}},"23":{"start":{"line":54,"column":12},"end":{"line":56,"column":13}},"24":{"start":{"line":55,"column":16},"end":{"line":55,"column":72}},"25":{"start":{"line":57,"column":12},"end":{"line":70,"column":15}},"26":{"start":{"line":63,"column":16},"end":{"line":69,"column":17}},"27":{"start":{"line":64,"column":20},"end":{"line":64,"column":81}},"28":{"start":{"line":65,"column":20},"end":{"line":65,"column":34}},"29":{"start":{"line":67,"column":20},"end":{"line":67,"column":63}},"30":{"start":{"line":68,"column":20},"end":{"line":68,"column":30}}},"fnMap":{"0":{"name":"(anonymous_0)","decl":{"start":{"line":8,"column":4},"end":{"line":8,"column":5}},"loc":{"start":{"line":8,"column":41},"end":{"line":10,"column":5}},"line":8},"1":{"name":"(anonymous_1)","decl":{"start":{"line":12,"column":4},"end":{"line":12,"column":5}},"loc":{"start":{"line":12,"column":38},"end":{"line":24,"column":5}},"line":12},"2":{"name":"(anonymous_2)","decl":{"start":{"line":13,"column":27},"end":{"line":13,"column":28}},"loc":{"start":{"line":13,"column":48},"end":{"line":23,"column":9}},"line":13},"3":{"name":"(anonymous_3)","decl":{"start":{"line":26,"column":4},"end":{"line":26,"column":5}},"loc":{"start":{"line":26,"column":18},"end":{"line":31,"column":5}},"line":26},"4":{"name":"(anonymous_4)","decl":{"start":{"line":33,"column":4},"end":{"line":33,"column":5}},"loc":{"start":{"line":33,"column":33},"end":{"line":50,"column":5}},"line":33},"5":{"name":"(anonymous_5)","decl":{"start":{"line":34,"column":27},"end":{"line":34,"column":28}},"loc":{"start":{"line":34,"column":48},"end":{"line":49,"column":9}},"line":34},"6":{"name":"(anonymous_6)","decl":{"start":{"line":36,"column":30},"end":{"line":36,"column":31}},"loc":{"start":{"line":36,"column":53},"end":{"line":45,"column":17}},"line":36},"7":{"name":"(anonymous_7)","decl":{"start":{"line":52,"column":4},"end":{"line":52,"column":5}},"loc":{"start":{"line":52,"column":45},"end":{"line":72,"column":5}},"line":52},"8":{"name":"(anonymous_8)","decl":{"start":{"line":53,"column":27},"end":{"line":53,"column":28}},"loc":{"start":{"line":53,"column":48},"end":{"line":71,"column":9}},"line":53},"9":{"name":"(anonymous_9)","decl":{"start":{"line":62,"column":16},"end":{"line":62,"column":17}},"loc":{"start":{"line":62,"column":34},"end":{"line":70,"column":13}},"line":62}},"branchMap":{"0":{"loc":{"start":{"line":14,"column":12},"end":{"line":22,"column":13}},"type":"if","locations":[{"start":{"line":14,"column":12},"end":{"line":22,"column":13}},{"start":{},"end":{}}],"line":14},"1":{"loc":{"start":{"line":15,"column":47},"end":{"line":15,"column":96}},"type":"cond-expr","locations":[{"start":{"line":15,"column":72},"end":{"line":15,"column":82}},{"start":{"line":15,"column":85},"end":{"line":15,"column":96}}],"line":15},"2":{"loc":{"start":{"line":16,"column":16},"end":{"line":21,"column":17}},"type":"if","locations":[{"start":{"line":16,"column":16},"end":{"line":21,"column":17}},{"start":{"line":19,"column":23},"end":{"line":21,"column":17}}],"line":16},"3":{"loc":{"start":{"line":27,"column":8},"end":{"line":29,"column":9}},"type":"if","locations":[{"start":{"line":27,"column":8},"end":{"line":29,"column":9}},{"start":{},"end":{}}],"line":27},"4":{"loc":{"start":{"line":35,"column":12},"end":{"line":48,"column":13}},"type":"if","locations":[{"start":{"line":35,"column":12},"end":{"line":48,"column":13}},{"start":{"line":46,"column":19},"end":{"line":48,"column":13}}],"line":35},"5":{"loc":{"start":{"line":37,"column":20},"end":{"line":44,"column":21}},"type":"if","locations":[{"start":{"line":37,"column":20},"end":{"line":44,"column":21}},{"start":{"line":40,"column":27},"end":{"line":44,"column":21}}],"line":37},"6":{"loc":{"start":{"line":54,"column":12},"end":{"line":56,"column":13}},"type":"if","locations":[{"start":{"line":54,"column":12},"end":{"line":56,"column":13}},{"start":{},"end":{}}],"line":54},"7":{"loc":{"start":{"line":63,"column":16},"end":{"line":69,"column":17}},"type":"if","locations":[{"start":{"line":63,"column":16},"end":{"line":69,"column":17}},{"start":{"line":66,"column":23},"end":{"line":69,"column":17}}],"line":63}},"s":{"0":3,"1":3,"2":3,"3":3,"4":3,"5":3,"6":3,"7":3,"8":0,"9":3,"10":0,"11":3,"12":0,"13":0,"14":0,"15":0,"16":0,"17":0,"18":0,"19":0,"20":0,"21":0,"22":3,"23":3,"24":0,"25":3,"26":3,"27":0,"28":0,"29":3,"30":3},"f":{"0":3,"1":3,"2":3,"3":3,"4":0,"5":0,"6":0,"7":3,"8":3,"9":3},"b":{"0":[3,0],"1":[3,0],"2":[3,0],"3":[0,3],"4":[0,0],"5":[0,0],"6":[0,3],"7":[0,3]},"_coverageSchema":"1a1c01bbd47fc00a2c39e90264f33305004495a9","hash":"0640081b96e5c34361c927781ecaa75632a1389b"}
,"D:\\Proyectos\\PuntoDeVenta\\PosDesktop\\src\\data\\datasource\\ds-sqlite\\UserDao.ts": {"path":"D:\\Proyectos\\PuntoDeVenta\\PosDesktop\\src\\data\\datasource\\ds-sqlite\\UserDao.ts","statementMap":{"0":{"start":{"line":10,"column":8},"end":{"line":10,"column":51}},"1":{"start":{"line":14,"column":8},"end":{"line":30,"column":11}},"2":{"start":{"line":15,"column":12},"end":{"line":29,"column":15}},"3":{"start":{"line":16,"column":16},"end":{"line":28,"column":19}},"4":{"start":{"line":17,"column":20},"end":{"line":20,"column":21}},"5":{"start":{"line":18,"column":24},"end":{"line":18,"column":38}},"6":{"start":{"line":19,"column":24},"end":{"line":19,"column":31}},"7":{"start":{"line":21,"column":42},"end":{"line":26,"column":22}},"8":{"start":{"line":21,"column":58},"end":{"line":26,"column":21}},"9":{"start":{"line":27,"column":20},"end":{"line":27,"column":35}},"10":{"start":{"line":34,"column":8},"end":{"line":52,"column":11}},"11":{"start":{"line":35,"column":12},"end":{"line":51,"column":15}},"12":{"start":{"line":36,"column":16},"end":{"line":50,"column":19}},"13":{"start":{"line":37,"column":20},"end":{"line":39,"column":21}},"14":{"start":{"line":38,"column":24},"end":{"line":38,"column":45}},"15":{"start":{"line":40,"column":20},"end":{"line":42,"column":21}},"16":{"start":{"line":41,"column":24},"end":{"line":41,"column":50}},"17":{"start":{"line":43,"column":46},"end":{"line":48,"column":21}},"18":{"start":{"line":49,"column":20},"end":{"line":49,"column":41}},"19":{"start":{"line":56,"column":8},"end":{"line":76,"column":11}},"20":{"start":{"line":57,"column":12},"end":{"line":75,"column":11}},"21":{"start":{"line":58,"column":30},"end":{"line":60,"column":13}},"22":{"start":{"line":61,"column":27},"end":{"line":73,"column":13}},"23":{"start":{"line":67,"column":20},"end":{"line":71,"column":21}},"24":{"start":{"line":68,"column":24},"end":{"line":68,"column":38}},"25":{"start":{"line":70,"column":24},"end":{"line":70,"column":34}},"26":{"start":{"line":74,"column":12},"end":{"line":74,"column":32}},"27":{"start":{"line":80,"column":8},"end":{"line":100,"column":11}},"28":{"start":{"line":81,"column":12},"end":{"line":99,"column":11}},"29":{"start":{"line":82,"column":30},"end":{"line":84,"column":13}},"30":{"start":{"line":85,"column":27},"end":{"line":97,"column":13}},"31":{"start":{"line":91,"column":20},"end":{"line":95,"column":21}},"32":{"start":{"line":92,"column":24},"end":{"line":92,"column":38}},"33":{"start":{"line":94,"column":24},"end":{"line":94,"column":34}},"34":{"start":{"line":98,"column":12},"end":{"line":98,"column":32}},"35":{"start":{"line":104,"column":8},"end":{"line":120,"column":11}},"36":{"start":{"line":105,"column":12},"end":{"line":119,"column":11}},"37":{"start":{"line":106,"column":30},"end":{"line":108,"column":13}},"38":{"start":{"line":109,"column":12},"end":{"line":118,"column":13}},"39":{"start":{"line":112,"column":20},"end":{"line":116,"column":21}},"40":{"start":{"line":113,"column":24},"end":{"line":113,"column":38}},"41":{"start":{"line":115,"column":24},"end":{"line":115,"column":34}}},"fnMap":{"0":{"name":"(anonymous_0)","decl":{"start":{"line":9,"column":4},"end":{"line":9,"column":5}},"loc":{"start":{"line":9,"column":41},"end":{"line":11,"column":5}},"line":9},"1":{"name":"(anonymous_1)","decl":{"start":{"line":13,"column":4},"end":{"line":13,"column":5}},"loc":{"start":{"line":13,"column":41},"end":{"line":31,"column":5}},"line":13},"2":{"name":"(anonymous_2)","decl":{"start":{"line":14,"column":35},"end":{"line":14,"column":36}},"loc":{"start":{"line":14,"column":66},"end":{"line":30,"column":9}},"line":14},"3":{"name":"(anonymous_3)","decl":{"start":{"line":15,"column":38},"end":{"line":15,"column":39}},"loc":{"start":{"line":15,"column":44},"end":{"line":29,"column":13}},"line":15},"4":{"name":"(anonymous_4)","decl":{"start":{"line":16,"column":78},"end":{"line":16,"column":79}},"loc":{"start":{"line":16,"column":116},"end":{"line":28,"column":17}},"line":16},"5":{"name":"(anonymous_5)","decl":{"start":{"line":21,"column":51},"end":{"line":21,"column":52}},"loc":{"start":{"line":21,"column":58},"end":{"line":26,"column":21}},"line":21},"6":{"name":"(anonymous_6)","decl":{"start":{"line":33,"column":4},"end":{"line":33,"column":5}},"loc":{"start":{"line":33,"column":51},"end":{"line":53,"column":5}},"line":33},"7":{"name":"(anonymous_7)","decl":{"start":{"line":34,"column":33},"end":{"line":34,"column":34}},"loc":{"start":{"line":34,"column":64},"end":{"line":52,"column":9}},"line":34},"8":{"name":"(anonymous_8)","decl":{"start":{"line":35,"column":38},"end":{"line":35,"column":39}},"loc":{"start":{"line":35,"column":44},"end":{"line":51,"column":13}},"line":35},"9":{"name":"(anonymous_9)","decl":{"start":{"line":36,"column":80},"end":{"line":36,"column":81}},"loc":{"start":{"line":36,"column":115},"end":{"line":50,"column":17}},"line":36},"10":{"name":"(anonymous_10)","decl":{"start":{"line":55,"column":4},"end":{"line":55,"column":5}},"loc":{"start":{"line":55,"column":46},"end":{"line":77,"column":5}},"line":55},"11":{"name":"(anonymous_11)","decl":{"start":{"line":56,"column":27},"end":{"line":56,"column":28}},"loc":{"start":{"line":56,"column":48},"end":{"line":76,"column":9}},"line":56},"12":{"name":"(anonymous_12)","decl":{"start":{"line":57,"column":38},"end":{"line":57,"column":39}},"loc":{"start":{"line":57,"column":44},"end":{"line":75,"column":9}},"line":57},"13":{"name":"(anonymous_13)","decl":{"start":{"line":66,"column":16},"end":{"line":66,"column":17}},"loc":{"start":{"line":66,"column":41},"end":{"line":72,"column":17}},"line":66},"14":{"name":"(anonymous_14)","decl":{"start":{"line":79,"column":4},"end":{"line":79,"column":5}},"loc":{"start":{"line":79,"column":48},"end":{"line":101,"column":5}},"line":79},"15":{"name":"(anonymous_15)","decl":{"start":{"line":80,"column":27},"end":{"line":80,"column":28}},"loc":{"start":{"line":80,"column":48},"end":{"line":100,"column":9}},"line":80},"16":{"name":"(anonymous_16)","decl":{"start":{"line":81,"column":38},"end":{"line":81,"column":39}},"loc":{"start":{"line":81,"column":44},"end":{"line":99,"column":9}},"line":81},"17":{"name":"(anonymous_17)","decl":{"start":{"line":90,"column":16},"end":{"line":90,"column":17}},"loc":{"start":{"line":90,"column":41},"end":{"line":96,"column":17}},"line":90},"18":{"name":"(anonymous_18)","decl":{"start":{"line":103,"column":4},"end":{"line":103,"column":5}},"loc":{"start":{"line":103,"column":52},"end":{"line":121,"column":5}},"line":103},"19":{"name":"(anonymous_19)","decl":{"start":{"line":104,"column":27},"end":{"line":104,"column":28}},"loc":{"start":{"line":104,"column":48},"end":{"line":120,"column":9}},"line":104},"20":{"name":"(anonymous_20)","decl":{"start":{"line":105,"column":38},"end":{"line":105,"column":39}},"loc":{"start":{"line":105,"column":44},"end":{"line":119,"column":9}},"line":105},"21":{"name":"(anonymous_21)","decl":{"start":{"line":111,"column":16},"end":{"line":111,"column":17}},"loc":{"start":{"line":111,"column":41},"end":{"line":117,"column":17}},"line":111}},"branchMap":{"0":{"loc":{"start":{"line":17,"column":20},"end":{"line":20,"column":21}},"type":"if","locations":[{"start":{"line":17,"column":20},"end":{"line":20,"column":21}},{"start":{},"end":{}}],"line":17},"1":{"loc":{"start":{"line":37,"column":20},"end":{"line":39,"column":21}},"type":"if","locations":[{"start":{"line":37,"column":20},"end":{"line":39,"column":21}},{"start":{},"end":{}}],"line":37},"2":{"loc":{"start":{"line":40,"column":20},"end":{"line":42,"column":21}},"type":"if","locations":[{"start":{"line":40,"column":20},"end":{"line":42,"column":21}},{"start":{},"end":{}}],"line":40},"3":{"loc":{"start":{"line":65,"column":16},"end":{"line":65,"column":36}},"type":"cond-expr","locations":[{"start":{"line":65,"column":31},"end":{"line":65,"column":32}},{"start":{"line":65,"column":35},"end":{"line":65,"column":36}}],"line":65},"4":{"loc":{"start":{"line":67,"column":20},"end":{"line":71,"column":21}},"type":"if","locations":[{"start":{"line":67,"column":20},"end":{"line":71,"column":21}},{"start":{"line":69,"column":27},"end":{"line":71,"column":21}}],"line":67},"5":{"loc":{"start":{"line":88,"column":16},"end":{"line":88,"column":36}},"type":"cond-expr","locations":[{"start":{"line":88,"column":31},"end":{"line":88,"column":32}},{"start":{"line":88,"column":35},"end":{"line":88,"column":36}}],"line":88},"6":{"loc":{"start":{"line":91,"column":20},"end":{"line":95,"column":21}},"type":"if","locations":[{"start":{"line":91,"column":20},"end":{"line":95,"column":21}},{"start":{"line":93,"column":27},"end":{"line":95,"column":21}}],"line":91},"7":{"loc":{"start":{"line":112,"column":20},"end":{"line":116,"column":21}},"type":"if","locations":[{"start":{"line":112,"column":20},"end":{"line":116,"column":21}},{"start":{"line":114,"column":27},"end":{"line":116,"column":21}}],"line":112}},"s":{"0":3,"1":0,"2":0,"3":0,"4":0,"5":0,"6":0,"7":0,"8":0,"9":0,"10":5,"11":5,"12":5,"13":5,"14":0,"15":5,"16":1,"17":4,"18":4,"19":3,"20":3,"21":3,"22":3,"23":3,"24":0,"25":3,"26":3,"27":1,"28":1,"29":1,"30":1,"31":1,"32":0,"33":1,"34":1,"35":1,"36":1,"37":1,"38":1,"39":1,"40":0,"41":1},"f":{"0":3,"1":0,"2":0,"3":0,"4":0,"5":0,"6":5,"7":5,"8":5,"9":5,"10":3,"11":3,"12":3,"13":3,"14":1,"15":1,"16":1,"17":1,"18":1,"19":1,"20":1,"21":1},"b":{"0":[0,0],"1":[0,5],"2":[1,4],"3":[3,0],"4":[0,3],"5":[1,0],"6":[0,1],"7":[0,1]},"_coverageSchema":"1a1c01bbd47fc00a2c39e90264f33305004495a9","hash":"f030ca84093a0abe869c94600d8eb23b6fbe32f4"}
,"D:\\Proyectos\\PuntoDeVenta\\PosDesktop\\src\\data\\model\\User.ts": {"path":"D:\\Proyectos\\PuntoDeVenta\\PosDesktop\\src\\data\\model\\User.ts","statementMap":{"0":{"start":{"line":5,"column":23},"end":{"line":5,"column":28}},"1":{"start":{"line":8,"column":8},"end":{"line":8,"column":29}},"2":{"start":{"line":8,"column":16},"end":{"line":8,"column":29}},"3":{"start":{"line":9,"column":8},"end":{"line":9,"column":25}},"4":{"start":{"line":10,"column":8},"end":{"line":10,"column":33}},"5":{"start":{"line":11,"column":8},"end":{"line":11,"column":31}}},"fnMap":{"0":{"name":"(anonymous_0)","decl":{"start":{"line":7,"column":4},"end":{"line":7,"column":5}},"loc":{"start":{"line":7,"column":90},"end":{"line":12,"column":5}},"line":7}},"branchMap":{"0":{"loc":{"start":{"line":8,"column":8},"end":{"line":8,"column":29}},"type":"if","locations":[{"start":{"line":8,"column":8},"end":{"line":8,"column":29}},{"start":{},"end":{}}],"line":8}},"s":{"0":9,"1":9,"2":9,"3":9,"4":9,"5":9},"f":{"0":9},"b":{"0":[9,0]},"_coverageSchema":"1a1c01bbd47fc00a2c39e90264f33305004495a9","hash":"1c946545f76535ed5ddc2c8b3a1bd9ff4c865b8e"}
,"D:\\Proyectos\\PuntoDeVenta\\PosDesktop\\src\\data\\repository\\UserRepository.ts": {"path":"D:\\Proyectos\\PuntoDeVenta\\PosDesktop\\src\\data\\repository\\UserRepository.ts","statementMap":{"0":{"start":{"line":10,"column":8},"end":{"line":10,"column":45}},"1":{"start":{"line":14,"column":8},"end":{"line":14,"column":49}},"2":{"start":{"line":18,"column":8},"end":{"line":18,"column":51}},"3":{"start":{"line":22,"column":8},"end":{"line":31,"column":9}},"4":{"start":{"line":23,"column":27},"end":{"line":23,"column":59}},"5":{"start":{"line":24,"column":12},"end":{"line":30,"column":13}},"6":{"start":{"line":25,"column":16},"end":{"line":27,"column":18}},"7":{"start":{"line":29,"column":16},"end":{"line":29,"column":85}},"8":{"start":{"line":35,"column":8},"end":{"line":46,"column":9}},"9":{"start":{"line":36,"column":25},"end":{"line":36,"column":51}},"10":{"start":{"line":37,"column":12},"end":{"line":45,"column":13}},"11":{"start":{"line":38,"column":16},"end":{"line":42,"column":17}},"12":{"start":{"line":39,"column":20},"end":{"line":39,"column":90}},"13":{"start":{"line":41,"column":20},"end":{"line":41,"column":89}},"14":{"start":{"line":44,"column":16},"end":{"line":44,"column":65}},"15":{"start":{"line":50,"column":8},"end":{"line":50,"column":43}},"16":{"start":{"line":54,"column":8},"end":{"line":54,"column":80}},"17":{"start":{"line":54,"column":32},"end":{"line":54,"column":80}},"18":{"start":{"line":55,"column":8},"end":{"line":55,"column":90}},"19":{"start":{"line":55,"column":30},"end":{"line":55,"column":90}},"20":{"start":{"line":56,"column":8},"end":{"line":56,"column":125}},"21":{"start":{"line":56,"column":57},"end":{"line":56,"column":125}},"22":{"start":{"line":57,"column":8},"end":{"line":57,"column":20}},"23":{"start":{"line":61,"column":8},"end":{"line":65,"column":11}},"24":{"start":{"line":62,"column":38},"end":{"line":62,"column":46}},"25":{"start":{"line":64,"column":12},"end":{"line":64,"column":33}}},"fnMap":{"0":{"name":"(anonymous_0)","decl":{"start":{"line":9,"column":4},"end":{"line":9,"column":5}},"loc":{"start":{"line":9,"column":49},"end":{"line":11,"column":5}},"line":9},"1":{"name":"(anonymous_1)","decl":{"start":{"line":13,"column":4},"end":{"line":13,"column":5}},"loc":{"start":{"line":13,"column":24},"end":{"line":15,"column":5}},"line":13},"2":{"name":"(anonymous_2)","decl":{"start":{"line":17,"column":4},"end":{"line":17,"column":5}},"loc":{"start":{"line":17,"column":34},"end":{"line":19,"column":5}},"line":17},"3":{"name":"(anonymous_3)","decl":{"start":{"line":21,"column":4},"end":{"line":21,"column":5}},"loc":{"start":{"line":21,"column":69},"end":{"line":32,"column":5}},"line":21},"4":{"name":"(anonymous_4)","decl":{"start":{"line":34,"column":4},"end":{"line":34,"column":5}},"loc":{"start":{"line":34,"column":83},"end":{"line":47,"column":5}},"line":34},"5":{"name":"(anonymous_5)","decl":{"start":{"line":49,"column":4},"end":{"line":49,"column":5}},"loc":{"start":{"line":49,"column":33},"end":{"line":51,"column":5}},"line":49},"6":{"name":"(anonymous_6)","decl":{"start":{"line":53,"column":4},"end":{"line":53,"column":5}},"loc":{"start":{"line":53,"column":70},"end":{"line":58,"column":5}},"line":53},"7":{"name":"(anonymous_7)","decl":{"start":{"line":60,"column":4},"end":{"line":60,"column":5}},"loc":{"start":{"line":60,"column":57},"end":{"line":66,"column":5}},"line":60},"8":{"name":"(anonymous_8)","decl":{"start":{"line":61,"column":35},"end":{"line":61,"column":36}},"loc":{"start":{"line":61,"column":53},"end":{"line":65,"column":9}},"line":61}},"branchMap":{"0":{"loc":{"start":{"line":22,"column":8},"end":{"line":31,"column":9}},"type":"if","locations":[{"start":{"line":22,"column":8},"end":{"line":31,"column":9}},{"start":{},"end":{}}],"line":22},"1":{"loc":{"start":{"line":35,"column":8},"end":{"line":46,"column":9}},"type":"if","locations":[{"start":{"line":35,"column":8},"end":{"line":46,"column":9}},{"start":{},"end":{}}],"line":35},"2":{"loc":{"start":{"line":37,"column":12},"end":{"line":45,"column":13}},"type":"if","locations":[{"start":{"line":37,"column":12},"end":{"line":45,"column":13}},{"start":{"line":43,"column":19},"end":{"line":45,"column":13}}],"line":37},"3":{"loc":{"start":{"line":54,"column":8},"end":{"line":54,"column":80}},"type":"if","locations":[{"start":{"line":54,"column":8},"end":{"line":54,"column":80}},{"start":{},"end":{}}],"line":54},"4":{"loc":{"start":{"line":54,"column":12},"end":{"line":54,"column":30}},"type":"binary-expr","locations":[{"start":{"line":54,"column":12},"end":{"line":54,"column":17}},{"start":{"line":54,"column":21},"end":{"line":54,"column":30}}],"line":54},"5":{"loc":{"start":{"line":55,"column":8},"end":{"line":55,"column":90}},"type":"if","locations":[{"start":{"line":55,"column":8},"end":{"line":55,"column":90}},{"start":{},"end":{}}],"line":55},"6":{"loc":{"start":{"line":56,"column":8},"end":{"line":56,"column":125}},"type":"if","locations":[{"start":{"line":56,"column":8},"end":{"line":56,"column":125}},{"start":{},"end":{}}],"line":56},"7":{"loc":{"start":{"line":56,"column":12},"end":{"line":56,"column":55}},"type":"binary-expr","locations":[{"start":{"line":56,"column":12},"end":{"line":56,"column":31}},{"start":{"line":56,"column":35},"end":{"line":56,"column":55}}],"line":56}},"s":{"0":5,"1":1,"2":2,"3":1,"4":1,"5":1,"6":1,"7":0,"8":1,"9":1,"10":1,"11":1,"12":1,"13":0,"14":0,"15":1,"16":2,"17":0,"18":2,"19":0,"20":2,"21":0,"22":2,"23":1,"24":1,"25":1},"f":{"0":5,"1":1,"2":2,"3":1,"4":1,"5":1,"6":2,"7":1,"8":1},"b":{"0":[1,0],"1":[1,0],"2":[1,0],"3":[0,2],"4":[2,2],"5":[0,2],"6":[0,2],"7":[2,2]},"_coverageSchema":"1a1c01bbd47fc00a2c39e90264f33305004495a9","hash":"9540180ff0d20e8c5a66ad61d1bed13d89edb554"}
}
