{"D:\\Proyectos\\PuntoDeVenta\\PosDesktop\\dist-electron\\data\\datasource\\ds-sqlite\\CategoryDao.js": {"path":"D:\\Proyectos\\PuntoDeVenta\\PosDesktop\\dist-electron\\data\\datasource\\ds-sqlite\\CategoryDao.js","statementMap":{"0":{"start":{"line":5,"column":8},"end":{"line":5,"column":51}},"1":{"start":{"line":8,"column":8},"end":{"line":19,"column":11}},"2":{"start":{"line":9,"column":12},"end":{"line":18,"column":15}},"3":{"start":{"line":10,"column":16},"end":{"line":17,"column":19}},"4":{"start":{"line":11,"column":20},"end":{"line":14,"column":21}},"5":{"start":{"line":12,"column":24},"end":{"line":12,"column":38}},"6":{"start":{"line":13,"column":24},"end":{"line":13,"column":31}},"7":{"start":{"line":15,"column":39},"end":{"line":15,"column":86}},"8":{"start":{"line":15,"column":55},"end":{"line":15,"column":85}},"9":{"start":{"line":16,"column":20},"end":{"line":16,"column":40}},"10":{"start":{"line":22,"column":8},"end":{"line":35,"column":11}},"11":{"start":{"line":23,"column":12},"end":{"line":34,"column":15}},"12":{"start":{"line":24,"column":16},"end":{"line":33,"column":19}},"13":{"start":{"line":25,"column":20},"end":{"line":27,"column":21}},"14":{"start":{"line":26,"column":24},"end":{"line":26,"column":45}},"15":{"start":{"line":28,"column":20},"end":{"line":30,"column":21}},"16":{"start":{"line":29,"column":24},"end":{"line":29,"column":50}},"17":{"start":{"line":31,"column":44},"end":{"line":31,"column":74}},"18":{"start":{"line":32,"column":20},"end":{"line":32,"column":45}},"19":{"start":{"line":38,"column":8},"end":{"line":50,"column":11}},"20":{"start":{"line":39,"column":12},"end":{"line":49,"column":15}},"21":{"start":{"line":40,"column":34},"end":{"line":40,"column":100}},"22":{"start":{"line":41,"column":16},"end":{"line":48,"column":19}},"23":{"start":{"line":42,"column":20},"end":{"line":47,"column":21}},"24":{"start":{"line":43,"column":24},"end":{"line":43,"column":38}},"25":{"start":{"line":46,"column":24},"end":{"line":46,"column":34}},"26":{"start":{"line":53,"column":8},"end":{"line":65,"column":11}},"27":{"start":{"line":54,"column":12},"end":{"line":64,"column":15}},"28":{"start":{"line":55,"column":34},"end":{"line":55,"column":100}},"29":{"start":{"line":56,"column":16},"end":{"line":63,"column":19}},"30":{"start":{"line":57,"column":20},"end":{"line":62,"column":21}},"31":{"start":{"line":58,"column":24},"end":{"line":58,"column":38}},"32":{"start":{"line":61,"column":24},"end":{"line":61,"column":34}},"33":{"start":{"line":68,"column":8},"end":{"line":80,"column":11}},"34":{"start":{"line":69,"column":12},"end":{"line":79,"column":15}},"35":{"start":{"line":70,"column":34},"end":{"line":70,"column":94}},"36":{"start":{"line":71,"column":16},"end":{"line":78,"column":19}},"37":{"start":{"line":72,"column":20},"end":{"line":77,"column":21}},"38":{"start":{"line":73,"column":24},"end":{"line":73,"column":38}},"39":{"start":{"line":76,"column":24},"end":{"line":76,"column":34}}},"fnMap":{"0":{"name":"(anonymous_0)","decl":{"start":{"line":4,"column":4},"end":{"line":4,"column":5}},"loc":{"start":{"line":4,"column":28},"end":{"line":6,"column":5}},"line":4},"1":{"name":"(anonymous_1)","decl":{"start":{"line":7,"column":4},"end":{"line":7,"column":5}},"loc":{"start":{"line":7,"column":23},"end":{"line":20,"column":5}},"line":7},"2":{"name":"(anonymous_2)","decl":{"start":{"line":8,"column":27},"end":{"line":8,"column":28}},"loc":{"start":{"line":8,"column":48},"end":{"line":19,"column":9}},"line":8},"3":{"name":"(anonymous_3)","decl":{"start":{"line":9,"column":38},"end":{"line":9,"column":39}},"loc":{"start":{"line":9,"column":44},"end":{"line":18,"column":13}},"line":9},"4":{"name":"(anonymous_4)","decl":{"start":{"line":10,"column":82},"end":{"line":10,"column":83}},"loc":{"start":{"line":10,"column":99},"end":{"line":17,"column":17}},"line":10},"5":{"name":"(anonymous_5)","decl":{"start":{"line":15,"column":48},"end":{"line":15,"column":49}},"loc":{"start":{"line":15,"column":55},"end":{"line":15,"column":85}},"line":15},"6":{"name":"(anonymous_6)","decl":{"start":{"line":21,"column":4},"end":{"line":21,"column":5}},"loc":{"start":{"line":21,"column":32},"end":{"line":36,"column":5}},"line":21},"7":{"name":"(anonymous_7)","decl":{"start":{"line":22,"column":27},"end":{"line":22,"column":28}},"loc":{"start":{"line":22,"column":48},"end":{"line":35,"column":9}},"line":22},"8":{"name":"(anonymous_8)","decl":{"start":{"line":23,"column":38},"end":{"line":23,"column":39}},"loc":{"start":{"line":23,"column":44},"end":{"line":34,"column":13}},"line":23},"9":{"name":"(anonymous_9)","decl":{"start":{"line":24,"column":89},"end":{"line":24,"column":90}},"loc":{"start":{"line":24,"column":105},"end":{"line":33,"column":17}},"line":24},"10":{"name":"(anonymous_10)","decl":{"start":{"line":37,"column":4},"end":{"line":37,"column":5}},"loc":{"start":{"line":37,"column":23},"end":{"line":51,"column":5}},"line":37},"11":{"name":"(anonymous_11)","decl":{"start":{"line":38,"column":27},"end":{"line":38,"column":28}},"loc":{"start":{"line":38,"column":48},"end":{"line":50,"column":9}},"line":38},"12":{"name":"(anonymous_12)","decl":{"start":{"line":39,"column":38},"end":{"line":39,"column":39}},"loc":{"start":{"line":39,"column":44},"end":{"line":49,"column":13}},"line":39},"13":{"name":"(anonymous_13)","decl":{"start":{"line":41,"column":36},"end":{"line":41,"column":37}},"loc":{"start":{"line":41,"column":47},"end":{"line":48,"column":17}},"line":41},"14":{"name":"(anonymous_14)","decl":{"start":{"line":52,"column":4},"end":{"line":52,"column":5}},"loc":{"start":{"line":52,"column":29},"end":{"line":66,"column":5}},"line":52},"15":{"name":"(anonymous_15)","decl":{"start":{"line":53,"column":27},"end":{"line":53,"column":28}},"loc":{"start":{"line":53,"column":48},"end":{"line":65,"column":9}},"line":53},"16":{"name":"(anonymous_16)","decl":{"start":{"line":54,"column":38},"end":{"line":54,"column":39}},"loc":{"start":{"line":54,"column":44},"end":{"line":64,"column":13}},"line":54},"17":{"name":"(anonymous_17)","decl":{"start":{"line":56,"column":58},"end":{"line":56,"column":59}},"loc":{"start":{"line":56,"column":69},"end":{"line":63,"column":17}},"line":56},"18":{"name":"(anonymous_18)","decl":{"start":{"line":67,"column":4},"end":{"line":67,"column":5}},"loc":{"start":{"line":67,"column":31},"end":{"line":81,"column":5}},"line":67},"19":{"name":"(anonymous_19)","decl":{"start":{"line":68,"column":27},"end":{"line":68,"column":28}},"loc":{"start":{"line":68,"column":48},"end":{"line":80,"column":9}},"line":68},"20":{"name":"(anonymous_20)","decl":{"start":{"line":69,"column":38},"end":{"line":69,"column":39}},"loc":{"start":{"line":69,"column":44},"end":{"line":79,"column":13}},"line":69},"21":{"name":"(anonymous_21)","decl":{"start":{"line":71,"column":42},"end":{"line":71,"column":43}},"loc":{"start":{"line":71,"column":53},"end":{"line":78,"column":17}},"line":71}},"branchMap":{"0":{"loc":{"start":{"line":11,"column":20},"end":{"line":14,"column":21}},"type":"if","locations":[{"start":{"line":11,"column":20},"end":{"line":14,"column":21}},{"start":{},"end":{}}],"line":11},"1":{"loc":{"start":{"line":25,"column":20},"end":{"line":27,"column":21}},"type":"if","locations":[{"start":{"line":25,"column":20},"end":{"line":27,"column":21}},{"start":{},"end":{}}],"line":25},"2":{"loc":{"start":{"line":28,"column":20},"end":{"line":30,"column":21}},"type":"if","locations":[{"start":{"line":28,"column":20},"end":{"line":30,"column":21}},{"start":{},"end":{}}],"line":28},"3":{"loc":{"start":{"line":42,"column":20},"end":{"line":47,"column":21}},"type":"if","locations":[{"start":{"line":42,"column":20},"end":{"line":47,"column":21}},{"start":{"line":45,"column":25},"end":{"line":47,"column":21}}],"line":42},"4":{"loc":{"start":{"line":57,"column":20},"end":{"line":62,"column":21}},"type":"if","locations":[{"start":{"line":57,"column":20},"end":{"line":62,"column":21}},{"start":{"line":60,"column":25},"end":{"line":62,"column":21}}],"line":57},"5":{"loc":{"start":{"line":72,"column":20},"end":{"line":77,"column":21}},"type":"if","locations":[{"start":{"line":72,"column":20},"end":{"line":77,"column":21}},{"start":{"line":75,"column":25},"end":{"line":77,"column":21}}],"line":72}},"s":{"0":19,"1":2,"2":2,"3":2,"4":2,"5":1,"6":1,"7":1,"8":3,"9":1,"10":6,"11":6,"12":6,"13":6,"14":1,"15":5,"16":3,"17":2,"18":2,"19":7,"20":7,"21":7,"22":7,"23":7,"24":1,"25":6,"26":2,"27":2,"28":2,"29":2,"30":2,"31":1,"32":1,"33":2,"34":2,"35":2,"36":2,"37":2,"38":1,"39":1},"f":{"0":19,"1":2,"2":2,"3":2,"4":2,"5":3,"6":6,"7":6,"8":6,"9":6,"10":7,"11":7,"12":7,"13":7,"14":2,"15":2,"16":2,"17":2,"18":2,"19":2,"20":2,"21":2},"b":{"0":[1,1],"1":[1,5],"2":[3,2],"3":[1,6],"4":[1,1],"5":[1,1]},"_coverageSchema":"1a1c01bbd47fc00a2c39e90264f33305004495a9","hash":"2204e7d0eee19159ea5d32aa63b7ae4156fa60e2"}
,"D:\\Proyectos\\PuntoDeVenta\\PosDesktop\\dist-electron\\data\\datasource\\ds-sqlite\\PosDatabase.js": {"path":"D:\\Proyectos\\PuntoDeVenta\\PosDesktop\\dist-electron\\data\\datasource\\ds-sqlite\\PosDatabase.js","statementMap":{"0":{"start":{"line":5,"column":9},"end":{"line":5,"column":13}},"1":{"start":{"line":7,"column":14},"end":{"line":7,"column":18}},"2":{"start":{"line":8,"column":18},"end":{"line":8,"column":22}},"3":{"start":{"line":10,"column":8},"end":{"line":10,"column":29}},"4":{"start":{"line":13,"column":8},"end":{"line":27,"column":11}},"5":{"start":{"line":14,"column":12},"end":{"line":26,"column":13}},"6":{"start":{"line":15,"column":16},"end":{"line":15,"column":98}},"7":{"start":{"line":16,"column":16},"end":{"line":25,"column":17}},"8":{"start":{"line":17,"column":20},"end":{"line":17,"column":43}},"9":{"start":{"line":18,"column":20},"end":{"line":18,"column":47}},"10":{"start":{"line":19,"column":20},"end":{"line":19,"column":53}},"11":{"start":{"line":20,"column":20},"end":{"line":20,"column":61}},"12":{"start":{"line":21,"column":20},"end":{"line":21,"column":30}},"13":{"start":{"line":24,"column":20},"end":{"line":24,"column":69}},"14":{"start":{"line":30,"column":8},"end":{"line":32,"column":9}},"15":{"start":{"line":31,"column":12},"end":{"line":31,"column":59}},"16":{"start":{"line":33,"column":8},"end":{"line":33,"column":23}},"17":{"start":{"line":36,"column":8},"end":{"line":53,"column":11}},"18":{"start":{"line":37,"column":12},"end":{"line":52,"column":13}},"19":{"start":{"line":38,"column":16},"end":{"line":48,"column":19}},"20":{"start":{"line":39,"column":20},"end":{"line":47,"column":21}},"21":{"start":{"line":40,"column":24},"end":{"line":40,"column":78}},"22":{"start":{"line":41,"column":24},"end":{"line":41,"column":36}},"23":{"start":{"line":44,"column":24},"end":{"line":44,"column":56}},"24":{"start":{"line":45,"column":24},"end":{"line":45,"column":39}},"25":{"start":{"line":46,"column":24},"end":{"line":46,"column":34}},"26":{"start":{"line":51,"column":16},"end":{"line":51,"column":26}},"27":{"start":{"line":56,"column":8},"end":{"line":75,"column":11}},"28":{"start":{"line":57,"column":12},"end":{"line":59,"column":13}},"29":{"start":{"line":58,"column":16},"end":{"line":58,"column":72}},"30":{"start":{"line":60,"column":12},"end":{"line":74,"column":15}},"31":{"start":{"line":66,"column":16},"end":{"line":73,"column":17}},"32":{"start":{"line":67,"column":20},"end":{"line":67,"column":81}},"33":{"start":{"line":68,"column":20},"end":{"line":68,"column":34}},"34":{"start":{"line":71,"column":20},"end":{"line":71,"column":63}},"35":{"start":{"line":72,"column":20},"end":{"line":72,"column":30}},"36":{"start":{"line":78,"column":8},"end":{"line":95,"column":11}},"37":{"start":{"line":79,"column":12},"end":{"line":81,"column":13}},"38":{"start":{"line":80,"column":16},"end":{"line":80,"column":72}},"39":{"start":{"line":82,"column":12},"end":{"line":94,"column":15}},"40":{"start":{"line":86,"column":16},"end":{"line":93,"column":17}},"41":{"start":{"line":87,"column":20},"end":{"line":87,"column":86}},"42":{"start":{"line":88,"column":20},"end":{"line":88,"column":34}},"43":{"start":{"line":91,"column":20},"end":{"line":91,"column":68}},"44":{"start":{"line":92,"column":20},"end":{"line":92,"column":30}},"45":{"start":{"line":98,"column":8},"end":{"line":100,"column":9}},"46":{"start":{"line":99,"column":12},"end":{"line":99,"column":45}},"47":{"start":{"line":101,"column":8},"end":{"line":101,"column":28}},"48":{"start":{"line":104,"column":8},"end":{"line":106,"column":9}},"49":{"start":{"line":105,"column":12},"end":{"line":105,"column":53}},"50":{"start":{"line":107,"column":8},"end":{"line":107,"column":32}}},"fnMap":{"0":{"name":"(anonymous_0)","decl":{"start":{"line":9,"column":4},"end":{"line":9,"column":5}},"loc":{"start":{"line":9,"column":24},"end":{"line":11,"column":5}},"line":9},"1":{"name":"(anonymous_1)","decl":{"start":{"line":12,"column":4},"end":{"line":12,"column":5}},"loc":{"start":{"line":12,"column":23},"end":{"line":28,"column":5}},"line":12},"2":{"name":"(anonymous_2)","decl":{"start":{"line":13,"column":27},"end":{"line":13,"column":28}},"loc":{"start":{"line":13,"column":48},"end":{"line":27,"column":9}},"line":13},"3":{"name":"(anonymous_3)","decl":{"start":{"line":29,"column":4},"end":{"line":29,"column":5}},"loc":{"start":{"line":29,"column":18},"end":{"line":34,"column":5}},"line":29},"4":{"name":"(anonymous_4)","decl":{"start":{"line":35,"column":4},"end":{"line":35,"column":5}},"loc":{"start":{"line":35,"column":18},"end":{"line":54,"column":5}},"line":35},"5":{"name":"(anonymous_5)","decl":{"start":{"line":36,"column":27},"end":{"line":36,"column":28}},"loc":{"start":{"line":36,"column":48},"end":{"line":53,"column":9}},"line":36},"6":{"name":"(anonymous_6)","decl":{"start":{"line":38,"column":30},"end":{"line":38,"column":31}},"loc":{"start":{"line":38,"column":39},"end":{"line":48,"column":17}},"line":38},"7":{"name":"(anonymous_7)","decl":{"start":{"line":55,"column":4},"end":{"line":55,"column":5}},"loc":{"start":{"line":55,"column":22},"end":{"line":76,"column":5}},"line":55},"8":{"name":"(anonymous_8)","decl":{"start":{"line":56,"column":27},"end":{"line":56,"column":28}},"loc":{"start":{"line":56,"column":48},"end":{"line":75,"column":9}},"line":56},"9":{"name":"(anonymous_9)","decl":{"start":{"line":65,"column":16},"end":{"line":65,"column":17}},"loc":{"start":{"line":65,"column":27},"end":{"line":74,"column":13}},"line":65},"10":{"name":"(anonymous_10)","decl":{"start":{"line":77,"column":4},"end":{"line":77,"column":5}},"loc":{"start":{"line":77,"column":26},"end":{"line":96,"column":5}},"line":77},"11":{"name":"(anonymous_11)","decl":{"start":{"line":78,"column":27},"end":{"line":78,"column":28}},"loc":{"start":{"line":78,"column":48},"end":{"line":95,"column":9}},"line":78},"12":{"name":"(anonymous_12)","decl":{"start":{"line":85,"column":16},"end":{"line":85,"column":17}},"loc":{"start":{"line":85,"column":27},"end":{"line":94,"column":13}},"line":85},"13":{"name":"(anonymous_13)","decl":{"start":{"line":97,"column":4},"end":{"line":97,"column":5}},"loc":{"start":{"line":97,"column":17},"end":{"line":102,"column":5}},"line":97},"14":{"name":"(anonymous_14)","decl":{"start":{"line":103,"column":4},"end":{"line":103,"column":5}},"loc":{"start":{"line":103,"column":21},"end":{"line":108,"column":5}},"line":103}},"branchMap":{"0":{"loc":{"start":{"line":14,"column":12},"end":{"line":26,"column":13}},"type":"if","locations":[{"start":{"line":14,"column":12},"end":{"line":26,"column":13}},{"start":{},"end":{}}],"line":14},"1":{"loc":{"start":{"line":15,"column":47},"end":{"line":15,"column":96}},"type":"cond-expr","locations":[{"start":{"line":15,"column":72},"end":{"line":15,"column":82}},{"start":{"line":15,"column":85},"end":{"line":15,"column":96}}],"line":15},"2":{"loc":{"start":{"line":16,"column":16},"end":{"line":25,"column":17}},"type":"if","locations":[{"start":{"line":16,"column":16},"end":{"line":25,"column":17}},{"start":{"line":23,"column":21},"end":{"line":25,"column":17}}],"line":16},"3":{"loc":{"start":{"line":30,"column":8},"end":{"line":32,"column":9}},"type":"if","locations":[{"start":{"line":30,"column":8},"end":{"line":32,"column":9}},{"start":{},"end":{}}],"line":30},"4":{"loc":{"start":{"line":37,"column":12},"end":{"line":52,"column":13}},"type":"if","locations":[{"start":{"line":37,"column":12},"end":{"line":52,"column":13}},{"start":{"line":50,"column":17},"end":{"line":52,"column":13}}],"line":37},"5":{"loc":{"start":{"line":39,"column":20},"end":{"line":47,"column":21}},"type":"if","locations":[{"start":{"line":39,"column":20},"end":{"line":47,"column":21}},{"start":{"line":43,"column":25},"end":{"line":47,"column":21}}],"line":39},"6":{"loc":{"start":{"line":57,"column":12},"end":{"line":59,"column":13}},"type":"if","locations":[{"start":{"line":57,"column":12},"end":{"line":59,"column":13}},{"start":{},"end":{}}],"line":57},"7":{"loc":{"start":{"line":66,"column":16},"end":{"line":73,"column":17}},"type":"if","locations":[{"start":{"line":66,"column":16},"end":{"line":73,"column":17}},{"start":{"line":70,"column":21},"end":{"line":73,"column":17}}],"line":66},"8":{"loc":{"start":{"line":79,"column":12},"end":{"line":81,"column":13}},"type":"if","locations":[{"start":{"line":79,"column":12},"end":{"line":81,"column":13}},{"start":{},"end":{}}],"line":79},"9":{"loc":{"start":{"line":86,"column":16},"end":{"line":93,"column":17}},"type":"if","locations":[{"start":{"line":86,"column":16},"end":{"line":93,"column":17}},{"start":{"line":90,"column":21},"end":{"line":93,"column":17}}],"line":86},"10":{"loc":{"start":{"line":98,"column":8},"end":{"line":100,"column":9}},"type":"if","locations":[{"start":{"line":98,"column":8},"end":{"line":100,"column":9}},{"start":{},"end":{}}],"line":98},"11":{"loc":{"start":{"line":104,"column":8},"end":{"line":106,"column":9}},"type":"if","locations":[{"start":{"line":104,"column":8},"end":{"line":106,"column":9}},{"start":{},"end":{}}],"line":104}},"s":{"0":8,"1":8,"2":8,"3":8,"4":8,"5":8,"6":8,"7":8,"8":8,"9":8,"10":8,"11":8,"12":8,"13":0,"14":24,"15":0,"16":24,"17":0,"18":0,"19":0,"20":0,"21":0,"22":0,"23":0,"24":0,"25":0,"26":0,"27":8,"28":8,"29":0,"30":8,"31":8,"32":0,"33":0,"34":8,"35":8,"36":8,"37":8,"38":0,"39":8,"40":8,"41":0,"42":0,"43":8,"44":8,"45":0,"46":0,"47":0,"48":0,"49":0,"50":0},"f":{"0":8,"1":8,"2":8,"3":24,"4":0,"5":0,"6":0,"7":8,"8":8,"9":8,"10":8,"11":8,"12":8,"13":0,"14":0},"b":{"0":[8,0],"1":[8,0],"2":[8,0],"3":[0,24],"4":[0,0],"5":[0,0],"6":[0,8],"7":[0,8],"8":[0,8],"9":[0,8],"10":[0,0],"11":[0,0]},"_coverageSchema":"1a1c01bbd47fc00a2c39e90264f33305004495a9","hash":"beee2785b450358bb39423bee6c4f4cda6d53779"}
,"D:\\Proyectos\\PuntoDeVenta\\PosDesktop\\dist-electron\\data\\datasource\\ds-sqlite\\UserDao.js": {"path":"D:\\Proyectos\\PuntoDeVenta\\PosDesktop\\dist-electron\\data\\datasource\\ds-sqlite\\UserDao.js","statementMap":{"0":{"start":{"line":5,"column":8},"end":{"line":5,"column":51}},"1":{"start":{"line":8,"column":8},"end":{"line":19,"column":11}},"2":{"start":{"line":9,"column":12},"end":{"line":18,"column":15}},"3":{"start":{"line":10,"column":16},"end":{"line":17,"column":19}},"4":{"start":{"line":11,"column":20},"end":{"line":14,"column":21}},"5":{"start":{"line":12,"column":24},"end":{"line":12,"column":38}},"6":{"start":{"line":13,"column":24},"end":{"line":13,"column":31}},"7":{"start":{"line":15,"column":34},"end":{"line":15,"column":110}},"8":{"start":{"line":15,"column":50},"end":{"line":15,"column":109}},"9":{"start":{"line":16,"column":20},"end":{"line":16,"column":35}},"10":{"start":{"line":22,"column":8},"end":{"line":35,"column":11}},"11":{"start":{"line":23,"column":12},"end":{"line":34,"column":15}},"12":{"start":{"line":24,"column":16},"end":{"line":33,"column":19}},"13":{"start":{"line":25,"column":20},"end":{"line":27,"column":21}},"14":{"start":{"line":26,"column":24},"end":{"line":26,"column":45}},"15":{"start":{"line":28,"column":20},"end":{"line":30,"column":21}},"16":{"start":{"line":29,"column":24},"end":{"line":29,"column":50}},"17":{"start":{"line":31,"column":40},"end":{"line":31,"column":102}},"18":{"start":{"line":32,"column":20},"end":{"line":32,"column":41}},"19":{"start":{"line":38,"column":8},"end":{"line":50,"column":11}},"20":{"start":{"line":39,"column":12},"end":{"line":49,"column":15}},"21":{"start":{"line":40,"column":34},"end":{"line":40,"column":98}},"22":{"start":{"line":41,"column":16},"end":{"line":48,"column":19}},"23":{"start":{"line":42,"column":20},"end":{"line":47,"column":21}},"24":{"start":{"line":43,"column":24},"end":{"line":43,"column":38}},"25":{"start":{"line":46,"column":24},"end":{"line":46,"column":34}},"26":{"start":{"line":53,"column":8},"end":{"line":65,"column":11}},"27":{"start":{"line":54,"column":12},"end":{"line":64,"column":15}},"28":{"start":{"line":55,"column":34},"end":{"line":55,"column":108}},"29":{"start":{"line":56,"column":16},"end":{"line":63,"column":19}},"30":{"start":{"line":57,"column":20},"end":{"line":62,"column":21}},"31":{"start":{"line":58,"column":24},"end":{"line":58,"column":38}},"32":{"start":{"line":61,"column":24},"end":{"line":61,"column":34}},"33":{"start":{"line":68,"column":8},"end":{"line":80,"column":11}},"34":{"start":{"line":69,"column":12},"end":{"line":79,"column":15}},"35":{"start":{"line":70,"column":34},"end":{"line":70,"column":91}},"36":{"start":{"line":71,"column":16},"end":{"line":78,"column":19}},"37":{"start":{"line":72,"column":20},"end":{"line":77,"column":21}},"38":{"start":{"line":73,"column":24},"end":{"line":73,"column":38}},"39":{"start":{"line":76,"column":24},"end":{"line":76,"column":34}}},"fnMap":{"0":{"name":"(anonymous_0)","decl":{"start":{"line":4,"column":4},"end":{"line":4,"column":5}},"loc":{"start":{"line":4,"column":28},"end":{"line":6,"column":5}},"line":4},"1":{"name":"(anonymous_1)","decl":{"start":{"line":7,"column":4},"end":{"line":7,"column":5}},"loc":{"start":{"line":7,"column":24},"end":{"line":20,"column":5}},"line":7},"2":{"name":"(anonymous_2)","decl":{"start":{"line":8,"column":27},"end":{"line":8,"column":28}},"loc":{"start":{"line":8,"column":48},"end":{"line":19,"column":9}},"line":8},"3":{"name":"(anonymous_3)","decl":{"start":{"line":9,"column":38},"end":{"line":9,"column":39}},"loc":{"start":{"line":9,"column":44},"end":{"line":18,"column":13}},"line":9},"4":{"name":"(anonymous_4)","decl":{"start":{"line":10,"column":77},"end":{"line":10,"column":78}},"loc":{"start":{"line":10,"column":94},"end":{"line":17,"column":17}},"line":10},"5":{"name":"(anonymous_5)","decl":{"start":{"line":15,"column":43},"end":{"line":15,"column":44}},"loc":{"start":{"line":15,"column":50},"end":{"line":15,"column":109}},"line":15},"6":{"name":"(anonymous_6)","decl":{"start":{"line":21,"column":4},"end":{"line":21,"column":5}},"loc":{"start":{"line":21,"column":28},"end":{"line":36,"column":5}},"line":21},"7":{"name":"(anonymous_7)","decl":{"start":{"line":22,"column":27},"end":{"line":22,"column":28}},"loc":{"start":{"line":22,"column":48},"end":{"line":35,"column":9}},"line":22},"8":{"name":"(anonymous_8)","decl":{"start":{"line":23,"column":38},"end":{"line":23,"column":39}},"loc":{"start":{"line":23,"column":44},"end":{"line":34,"column":13}},"line":23},"9":{"name":"(anonymous_9)","decl":{"start":{"line":24,"column":80},"end":{"line":24,"column":81}},"loc":{"start":{"line":24,"column":96},"end":{"line":33,"column":17}},"line":24},"10":{"name":"(anonymous_10)","decl":{"start":{"line":37,"column":4},"end":{"line":37,"column":5}},"loc":{"start":{"line":37,"column":25},"end":{"line":51,"column":5}},"line":37},"11":{"name":"(anonymous_11)","decl":{"start":{"line":38,"column":27},"end":{"line":38,"column":28}},"loc":{"start":{"line":38,"column":48},"end":{"line":50,"column":9}},"line":38},"12":{"name":"(anonymous_12)","decl":{"start":{"line":39,"column":38},"end":{"line":39,"column":39}},"loc":{"start":{"line":39,"column":44},"end":{"line":49,"column":13}},"line":39},"13":{"name":"(anonymous_13)","decl":{"start":{"line":41,"column":87},"end":{"line":41,"column":88}},"loc":{"start":{"line":41,"column":98},"end":{"line":48,"column":17}},"line":41},"14":{"name":"(anonymous_14)","decl":{"start":{"line":52,"column":4},"end":{"line":52,"column":5}},"loc":{"start":{"line":52,"column":27},"end":{"line":66,"column":5}},"line":52},"15":{"name":"(anonymous_15)","decl":{"start":{"line":53,"column":27},"end":{"line":53,"column":28}},"loc":{"start":{"line":53,"column":48},"end":{"line":65,"column":9}},"line":53},"16":{"name":"(anonymous_16)","decl":{"start":{"line":54,"column":38},"end":{"line":54,"column":39}},"loc":{"start":{"line":54,"column":44},"end":{"line":64,"column":13}},"line":54},"17":{"name":"(anonymous_17)","decl":{"start":{"line":56,"column":72},"end":{"line":56,"column":73}},"loc":{"start":{"line":56,"column":83},"end":{"line":63,"column":17}},"line":56},"18":{"name":"(anonymous_18)","decl":{"start":{"line":67,"column":4},"end":{"line":67,"column":5}},"loc":{"start":{"line":67,"column":29},"end":{"line":81,"column":5}},"line":67},"19":{"name":"(anonymous_19)","decl":{"start":{"line":68,"column":27},"end":{"line":68,"column":28}},"loc":{"start":{"line":68,"column":48},"end":{"line":80,"column":9}},"line":68},"20":{"name":"(anonymous_20)","decl":{"start":{"line":69,"column":38},"end":{"line":69,"column":39}},"loc":{"start":{"line":69,"column":44},"end":{"line":79,"column":13}},"line":69},"21":{"name":"(anonymous_21)","decl":{"start":{"line":71,"column":38},"end":{"line":71,"column":39}},"loc":{"start":{"line":71,"column":49},"end":{"line":78,"column":17}},"line":71}},"branchMap":{"0":{"loc":{"start":{"line":11,"column":20},"end":{"line":14,"column":21}},"type":"if","locations":[{"start":{"line":11,"column":20},"end":{"line":14,"column":21}},{"start":{},"end":{}}],"line":11},"1":{"loc":{"start":{"line":25,"column":20},"end":{"line":27,"column":21}},"type":"if","locations":[{"start":{"line":25,"column":20},"end":{"line":27,"column":21}},{"start":{},"end":{}}],"line":25},"2":{"loc":{"start":{"line":28,"column":20},"end":{"line":30,"column":21}},"type":"if","locations":[{"start":{"line":28,"column":20},"end":{"line":30,"column":21}},{"start":{},"end":{}}],"line":28},"3":{"loc":{"start":{"line":41,"column":65},"end":{"line":41,"column":85}},"type":"cond-expr","locations":[{"start":{"line":41,"column":80},"end":{"line":41,"column":81}},{"start":{"line":41,"column":84},"end":{"line":41,"column":85}}],"line":41},"4":{"loc":{"start":{"line":42,"column":20},"end":{"line":47,"column":21}},"type":"if","locations":[{"start":{"line":42,"column":20},"end":{"line":47,"column":21}},{"start":{"line":45,"column":25},"end":{"line":47,"column":21}}],"line":42},"5":{"loc":{"start":{"line":56,"column":41},"end":{"line":56,"column":61}},"type":"cond-expr","locations":[{"start":{"line":56,"column":56},"end":{"line":56,"column":57}},{"start":{"line":56,"column":60},"end":{"line":56,"column":61}}],"line":56},"6":{"loc":{"start":{"line":57,"column":20},"end":{"line":62,"column":21}},"type":"if","locations":[{"start":{"line":57,"column":20},"end":{"line":62,"column":21}},{"start":{"line":60,"column":25},"end":{"line":62,"column":21}}],"line":57},"7":{"loc":{"start":{"line":72,"column":20},"end":{"line":77,"column":21}},"type":"if","locations":[{"start":{"line":72,"column":20},"end":{"line":77,"column":21}},{"start":{"line":75,"column":25},"end":{"line":77,"column":21}}],"line":72}},"s":{"0":11,"1":0,"2":0,"3":0,"4":0,"5":0,"6":0,"7":0,"8":0,"9":0,"10":5,"11":5,"12":5,"13":5,"14":0,"15":5,"16":1,"17":4,"18":4,"19":3,"20":3,"21":3,"22":3,"23":3,"24":0,"25":3,"26":1,"27":1,"28":1,"29":1,"30":1,"31":0,"32":1,"33":1,"34":1,"35":1,"36":1,"37":1,"38":0,"39":1},"f":{"0":11,"1":0,"2":0,"3":0,"4":0,"5":0,"6":5,"7":5,"8":5,"9":5,"10":3,"11":3,"12":3,"13":3,"14":1,"15":1,"16":1,"17":1,"18":1,"19":1,"20":1,"21":1},"b":{"0":[0,0],"1":[0,5],"2":[1,4],"3":[3,0],"4":[0,3],"5":[1,0],"6":[0,1],"7":[0,1]},"_coverageSchema":"1a1c01bbd47fc00a2c39e90264f33305004495a9","hash":"75802f40dd8319677a27abdef97aab7c9f52361c"}
,"D:\\Proyectos\\PuntoDeVenta\\PosDesktop\\dist-electron\\data\\model\\Category.js": {"path":"D:\\Proyectos\\PuntoDeVenta\\PosDesktop\\dist-electron\\data\\model\\Category.js","statementMap":{"0":{"start":{"line":5,"column":8},"end":{"line":5,"column":29}},"1":{"start":{"line":6,"column":8},"end":{"line":6,"column":33}}},"fnMap":{"0":{"name":"(anonymous_0)","decl":{"start":{"line":4,"column":4},"end":{"line":4,"column":5}},"loc":{"start":{"line":4,"column":42},"end":{"line":7,"column":5}},"line":4}},"branchMap":{},"s":{"0":12,"1":12},"f":{"0":12},"b":{},"_coverageSchema":"1a1c01bbd47fc00a2c39e90264f33305004495a9","hash":"d697426b7d6e6050141411480f6860ddc6152da8"}
,"D:\\Proyectos\\PuntoDeVenta\\PosDesktop\\dist-electron\\data\\model\\User.js": {"path":"D:\\Proyectos\\PuntoDeVenta\\PosDesktop\\dist-electron\\data\\model\\User.js","statementMap":{"0":{"start":{"line":5,"column":14},"end":{"line":5,"column":19}},"1":{"start":{"line":7,"column":8},"end":{"line":8,"column":25}},"2":{"start":{"line":8,"column":12},"end":{"line":8,"column":25}},"3":{"start":{"line":9,"column":8},"end":{"line":9,"column":25}},"4":{"start":{"line":10,"column":8},"end":{"line":10,"column":33}},"5":{"start":{"line":11,"column":8},"end":{"line":11,"column":31}}},"fnMap":{"0":{"name":"(anonymous_0)","decl":{"start":{"line":6,"column":4},"end":{"line":6,"column":5}},"loc":{"start":{"line":6,"column":45},"end":{"line":12,"column":5}},"line":6}},"branchMap":{"0":{"loc":{"start":{"line":7,"column":8},"end":{"line":8,"column":25}},"type":"if","locations":[{"start":{"line":7,"column":8},"end":{"line":8,"column":25}},{"start":{},"end":{}}],"line":7}},"s":{"0":8,"1":8,"2":8,"3":8,"4":8,"5":8},"f":{"0":8},"b":{"0":[8,0]},"_coverageSchema":"1a1c01bbd47fc00a2c39e90264f33305004495a9","hash":"cea1d2d7bf44afd32ed10a9c64da7cc1a2d249e6"}
,"D:\\Proyectos\\PuntoDeVenta\\PosDesktop\\dist-electron\\data\\repository\\UserRepository.js": {"path":"D:\\Proyectos\\PuntoDeVenta\\PosDesktop\\dist-electron\\data\\repository\\UserRepository.js","statementMap":{"0":{"start":{"line":7,"column":8},"end":{"line":7,"column":45}},"1":{"start":{"line":10,"column":8},"end":{"line":10,"column":49}},"2":{"start":{"line":13,"column":8},"end":{"line":13,"column":51}},"3":{"start":{"line":16,"column":8},"end":{"line":25,"column":9}},"4":{"start":{"line":17,"column":27},"end":{"line":17,"column":59}},"5":{"start":{"line":18,"column":12},"end":{"line":24,"column":13}},"6":{"start":{"line":19,"column":42},"end":{"line":19,"column":78}},"7":{"start":{"line":20,"column":16},"end":{"line":20,"column":97}},"8":{"start":{"line":23,"column":16},"end":{"line":23,"column":85}},"9":{"start":{"line":28,"column":8},"end":{"line":41,"column":9}},"10":{"start":{"line":29,"column":25},"end":{"line":29,"column":51}},"11":{"start":{"line":30,"column":12},"end":{"line":40,"column":13}},"12":{"start":{"line":31,"column":16},"end":{"line":36,"column":17}},"13":{"start":{"line":32,"column":20},"end":{"line":32,"column":91}},"14":{"start":{"line":35,"column":20},"end":{"line":35,"column":89}},"15":{"start":{"line":39,"column":16},"end":{"line":39,"column":65}},"16":{"start":{"line":44,"column":8},"end":{"line":44,"column":43}},"17":{"start":{"line":47,"column":8},"end":{"line":48,"column":60}},"18":{"start":{"line":48,"column":12},"end":{"line":48,"column":60}},"19":{"start":{"line":49,"column":8},"end":{"line":50,"column":72}},"20":{"start":{"line":50,"column":12},"end":{"line":50,"column":72}},"21":{"start":{"line":51,"column":8},"end":{"line":52,"column":80}},"22":{"start":{"line":52,"column":12},"end":{"line":52,"column":80}},"23":{"start":{"line":53,"column":8},"end":{"line":53,"column":20}},"24":{"start":{"line":56,"column":8},"end":{"line":59,"column":11}},"25":{"start":{"line":57,"column":30},"end":{"line":57,"column":38}},"26":{"start":{"line":58,"column":12},"end":{"line":58,"column":33}},"27":{"start":{"line":62,"column":8},"end":{"line":62,"column":41}}},"fnMap":{"0":{"name":"(anonymous_0)","decl":{"start":{"line":6,"column":4},"end":{"line":6,"column":5}},"loc":{"start":{"line":6,"column":32},"end":{"line":8,"column":5}},"line":6},"1":{"name":"(anonymous_1)","decl":{"start":{"line":9,"column":4},"end":{"line":9,"column":5}},"loc":{"start":{"line":9,"column":24},"end":{"line":11,"column":5}},"line":9},"2":{"name":"(anonymous_2)","decl":{"start":{"line":12,"column":4},"end":{"line":12,"column":5}},"loc":{"start":{"line":12,"column":26},"end":{"line":14,"column":5}},"line":12},"3":{"name":"(anonymous_3)","decl":{"start":{"line":15,"column":4},"end":{"line":15,"column":5}},"loc":{"start":{"line":15,"column":44},"end":{"line":26,"column":5}},"line":15},"4":{"name":"(anonymous_4)","decl":{"start":{"line":27,"column":4},"end":{"line":27,"column":5}},"loc":{"start":{"line":27,"column":40},"end":{"line":42,"column":5}},"line":27},"5":{"name":"(anonymous_5)","decl":{"start":{"line":43,"column":4},"end":{"line":43,"column":5}},"loc":{"start":{"line":43,"column":25},"end":{"line":45,"column":5}},"line":43},"6":{"name":"(anonymous_6)","decl":{"start":{"line":46,"column":4},"end":{"line":46,"column":5}},"loc":{"start":{"line":46,"column":37},"end":{"line":54,"column":5}},"line":46},"7":{"name":"(anonymous_7)","decl":{"start":{"line":55,"column":4},"end":{"line":55,"column":5}},"loc":{"start":{"line":55,"column":32},"end":{"line":60,"column":5}},"line":55},"8":{"name":"(anonymous_8)","decl":{"start":{"line":56,"column":27},"end":{"line":56,"column":28}},"loc":{"start":{"line":56,"column":40},"end":{"line":59,"column":9}},"line":56},"9":{"name":"(anonymous_9)","decl":{"start":{"line":61,"column":4},"end":{"line":61,"column":5}},"loc":{"start":{"line":61,"column":36},"end":{"line":63,"column":5}},"line":61}},"branchMap":{"0":{"loc":{"start":{"line":16,"column":8},"end":{"line":25,"column":9}},"type":"if","locations":[{"start":{"line":16,"column":8},"end":{"line":25,"column":9}},{"start":{},"end":{}}],"line":16},"1":{"loc":{"start":{"line":28,"column":8},"end":{"line":41,"column":9}},"type":"if","locations":[{"start":{"line":28,"column":8},"end":{"line":41,"column":9}},{"start":{},"end":{}}],"line":28},"2":{"loc":{"start":{"line":28,"column":12},"end":{"line":28,"column":57}},"type":"binary-expr","locations":[{"start":{"line":28,"column":12},"end":{"line":28,"column":16}},{"start":{"line":28,"column":21},"end":{"line":28,"column":36}},{"start":{"line":28,"column":40},"end":{"line":28,"column":56}}],"line":28},"3":{"loc":{"start":{"line":30,"column":12},"end":{"line":40,"column":13}},"type":"if","locations":[{"start":{"line":30,"column":12},"end":{"line":40,"column":13}},{"start":{"line":38,"column":17},"end":{"line":40,"column":13}}],"line":30},"4":{"loc":{"start":{"line":47,"column":8},"end":{"line":48,"column":60}},"type":"if","locations":[{"start":{"line":47,"column":8},"end":{"line":48,"column":60}},{"start":{},"end":{}}],"line":47},"5":{"loc":{"start":{"line":47,"column":12},"end":{"line":47,"column":30}},"type":"binary-expr","locations":[{"start":{"line":47,"column":12},"end":{"line":47,"column":17}},{"start":{"line":47,"column":21},"end":{"line":47,"column":30}}],"line":47},"6":{"loc":{"start":{"line":49,"column":8},"end":{"line":50,"column":72}},"type":"if","locations":[{"start":{"line":49,"column":8},"end":{"line":50,"column":72}},{"start":{},"end":{}}],"line":49},"7":{"loc":{"start":{"line":51,"column":8},"end":{"line":52,"column":80}},"type":"if","locations":[{"start":{"line":51,"column":8},"end":{"line":52,"column":80}},{"start":{},"end":{}}],"line":51},"8":{"loc":{"start":{"line":51,"column":12},"end":{"line":51,"column":55}},"type":"binary-expr","locations":[{"start":{"line":51,"column":12},"end":{"line":51,"column":31}},{"start":{"line":51,"column":35},"end":{"line":51,"column":55}}],"line":51}},"s":{"0":4,"1":1,"2":2,"3":0,"4":0,"5":0,"6":0,"7":0,"8":0,"9":1,"10":1,"11":1,"12":1,"13":1,"14":0,"15":0,"16":1,"17":0,"18":0,"19":0,"20":0,"21":0,"22":0,"23":0,"24":0,"25":0,"26":0,"27":0},"f":{"0":4,"1":1,"2":2,"3":0,"4":1,"5":1,"6":0,"7":0,"8":0,"9":0},"b":{"0":[0,0],"1":[1,0],"2":[1,1,1],"3":[1,0],"4":[0,0],"5":[0,0],"6":[0,0],"7":[0,0],"8":[0,0]},"_coverageSchema":"1a1c01bbd47fc00a2c39e90264f33305004495a9","hash":"64d10bc23932490ee068e5c82927fa724f76831d"}
,"D:\\Proyectos\\PuntoDeVenta\\PosDesktop\\src\\data\\model\\Category.ts": {"path":"D:\\Proyectos\\PuntoDeVenta\\PosDesktop\\src\\data\\model\\Category.ts","statementMap":{"0":{"start":{"line":6,"column":8},"end":{"line":6,"column":29}},"1":{"start":{"line":7,"column":8},"end":{"line":7,"column":33}}},"fnMap":{"0":{"name":"(anonymous_0)","decl":{"start":{"line":5,"column":4},"end":{"line":5,"column":5}},"loc":{"start":{"line":5,"column":58},"end":{"line":8,"column":5}},"line":5}},"branchMap":{},"s":{"0":2,"1":2},"f":{"0":2},"b":{},"_coverageSchema":"1a1c01bbd47fc00a2c39e90264f33305004495a9","hash":"d5bc57f4d0a9b16dc141cf8d5f2f9a952363f9a1"}
,"D:\\Proyectos\\PuntoDeVenta\\PosDesktop\\src\\data\\repository\\CategoryRepository.ts": {"path":"D:\\Proyectos\\PuntoDeVenta\\PosDesktop\\src\\data\\repository\\CategoryRepository.ts","statementMap":{"0":{"start":{"line":9,"column":8},"end":{"line":9,"column":53}},"1":{"start":{"line":13,"column":8},"end":{"line":13,"column":58}},"2":{"start":{"line":17,"column":8},"end":{"line":17,"column":67}},"3":{"start":{"line":21,"column":8},"end":{"line":23,"column":9}},"4":{"start":{"line":22,"column":12},"end":{"line":22,"column":55}},"5":{"start":{"line":27,"column":8},"end":{"line":29,"column":9}},"6":{"start":{"line":28,"column":12},"end":{"line":28,"column":61}},"7":{"start":{"line":33,"column":8},"end":{"line":33,"column":59}},"8":{"start":{"line":37,"column":8},"end":{"line":39,"column":9}},"9":{"start":{"line":38,"column":12},"end":{"line":38,"column":97}},"10":{"start":{"line":40,"column":8},"end":{"line":40,"column":20}}},"fnMap":{"0":{"name":"(anonymous_0)","decl":{"start":{"line":8,"column":4},"end":{"line":8,"column":5}},"loc":{"start":{"line":8,"column":57},"end":{"line":10,"column":5}},"line":8},"1":{"name":"(anonymous_1)","decl":{"start":{"line":12,"column":4},"end":{"line":12,"column":5}},"loc":{"start":{"line":12,"column":29},"end":{"line":14,"column":5}},"line":12},"2":{"name":"(anonymous_2)","decl":{"start":{"line":16,"column":4},"end":{"line":16,"column":5}},"loc":{"start":{"line":16,"column":46},"end":{"line":18,"column":5}},"line":16},"3":{"name":"(anonymous_3)","decl":{"start":{"line":20,"column":4},"end":{"line":20,"column":5}},"loc":{"start":{"line":20,"column":37},"end":{"line":24,"column":5}},"line":20},"4":{"name":"(anonymous_4)","decl":{"start":{"line":26,"column":4},"end":{"line":26,"column":5}},"loc":{"start":{"line":26,"column":45},"end":{"line":30,"column":5}},"line":26},"5":{"name":"(anonymous_5)","decl":{"start":{"line":32,"column":4},"end":{"line":32,"column":5}},"loc":{"start":{"line":32,"column":45},"end":{"line":34,"column":5}},"line":32},"6":{"name":"(anonymous_6)","decl":{"start":{"line":36,"column":4},"end":{"line":36,"column":5}},"loc":{"start":{"line":36,"column":56},"end":{"line":41,"column":5}},"line":36}},"branchMap":{"0":{"loc":{"start":{"line":21,"column":8},"end":{"line":23,"column":9}},"type":"if","locations":[{"start":{"line":21,"column":8},"end":{"line":23,"column":9}},{"start":{},"end":{}}],"line":21},"1":{"loc":{"start":{"line":27,"column":8},"end":{"line":29,"column":9}},"type":"if","locations":[{"start":{"line":27,"column":8},"end":{"line":29,"column":9}},{"start":{},"end":{}}],"line":27},"2":{"loc":{"start":{"line":37,"column":8},"end":{"line":39,"column":9}},"type":"if","locations":[{"start":{"line":37,"column":8},"end":{"line":39,"column":9}},{"start":{},"end":{}}],"line":37},"3":{"loc":{"start":{"line":37,"column":12},"end":{"line":37,"column":58}},"type":"binary-expr","locations":[{"start":{"line":37,"column":12},"end":{"line":37,"column":17}},{"start":{"line":37,"column":21},"end":{"line":37,"column":38}},{"start":{"line":37,"column":42},"end":{"line":37,"column":58}}],"line":37}},"s":{"0":7,"1":1,"2":1,"3":2,"4":1,"5":2,"6":1,"7":1,"8":4,"9":2,"10":2},"f":{"0":7,"1":1,"2":1,"3":2,"4":2,"5":1,"6":4},"b":{"0":[1,0],"1":[1,0],"2":[2,2],"3":[4,2,2]},"_coverageSchema":"1a1c01bbd47fc00a2c39e90264f33305004495a9","hash":"604b9e6bcf8f641e279f6e5ee3cedfa3dcc86d15"}
}
