TN:
SF:dist-electron\data\datasource\ds-sqlite\CashClosingDao.js
FN:5,(anonymous_0)
FN:8,(anonymous_1)
FN:9,(anonymous_2)
FN:11,(anonymous_3)
FN:12,(anonymous_4)
FN:16,(anonymous_5)
FN:22,(anonymous_6)
FN:23,(anonymous_7)
FN:24,(anonymous_8)
FN:25,(anonymous_9)
FN:29,(anonymous_10)
FN:35,(anonymous_11)
FN:36,(anonymous_12)
FN:37,(anonymous_13)
FN:40,(anonymous_14)
FNF:15
FNH:15
FNDA:21,(anonymous_0)
FNDA:2,(anonymous_1)
FNDA:2,(anonymous_2)
FNDA:2,(anonymous_3)
FNDA:2,(anonymous_4)
FNDA:1,(anonymous_5)
FNDA:2,(anonymous_6)
FNDA:2,(anonymous_7)
FNDA:2,(anonymous_8)
FNDA:2,(anonymous_9)
FNDA:1,(anonymous_10)
FNDA:3,(anonymous_11)
FNDA:3,(anonymous_12)
FNDA:3,(anonymous_13)
FNDA:3,(anonymous_14)
DA:6,21
DA:9,2
DA:10,2
DA:11,2
DA:12,2
DA:13,2
DA:14,1
DA:16,2
DA:17,1
DA:23,2
DA:24,2
DA:25,2
DA:26,2
DA:27,1
DA:29,2
DA:30,1
DA:36,3
DA:37,3
DA:38,3
DA:39,3
DA:40,3
DA:41,3
DA:42,0
DA:45,3
LF:24
LH:23
BRDA:13,0,0,1
BRDA:13,0,1,1
BRDA:26,1,0,1
BRDA:26,1,1,1
BRDA:41,2,0,0
BRDA:41,2,1,3
BRF:6
BRH:5
end_of_record
TN:
SF:dist-electron\data\datasource\ds-sqlite\CategoryDao.js
FN:4,(anonymous_0)
FN:7,(anonymous_1)
FN:8,(anonymous_2)
FN:9,(anonymous_3)
FN:10,(anonymous_4)
FN:15,(anonymous_5)
FN:21,(anonymous_6)
FN:22,(anonymous_7)
FN:23,(anonymous_8)
FN:24,(anonymous_9)
FN:37,(anonymous_10)
FN:38,(anonymous_11)
FN:39,(anonymous_12)
FN:40,(anonymous_13)
FN:53,(anonymous_14)
FN:54,(anonymous_15)
FN:55,(anonymous_16)
FN:57,(anonymous_17)
FN:68,(anonymous_18)
FN:69,(anonymous_19)
FN:70,(anonymous_20)
FN:72,(anonymous_21)
FN:83,(anonymous_22)
FN:84,(anonymous_23)
FN:85,(anonymous_24)
FN:87,(anonymous_25)
FN:93,(anonymous_26)
FNF:27
FNH:26
FNDA:35,(anonymous_0)
FNDA:18,(anonymous_1)
FNDA:18,(anonymous_2)
FNDA:18,(anonymous_3)
FNDA:18,(anonymous_4)
FNDA:0,(anonymous_5)
FNDA:6,(anonymous_6)
FNDA:6,(anonymous_7)
FNDA:6,(anonymous_8)
FNDA:6,(anonymous_9)
FNDA:10,(anonymous_10)
FNDA:10,(anonymous_11)
FNDA:10,(anonymous_12)
FNDA:10,(anonymous_13)
FNDA:27,(anonymous_14)
FNDA:27,(anonymous_15)
FNDA:27,(anonymous_16)
FNDA:27,(anonymous_17)
FNDA:2,(anonymous_18)
FNDA:2,(anonymous_19)
FNDA:2,(anonymous_20)
FNDA:2,(anonymous_21)
FNDA:2,(anonymous_22)
FNDA:2,(anonymous_23)
FNDA:2,(anonymous_24)
FNDA:2,(anonymous_25)
FNDA:2,(anonymous_26)
DA:5,35
DA:8,18
DA:9,18
DA:10,18
DA:11,18
DA:12,1
DA:13,1
DA:15,17
DA:16,17
DA:22,6
DA:23,6
DA:24,6
DA:25,6
DA:26,1
DA:28,5
DA:29,3
DA:31,2
DA:32,2
DA:38,10
DA:39,10
DA:40,10
DA:41,10
DA:42,1
DA:44,9
DA:45,1
DA:47,8
DA:48,8
DA:54,27
DA:55,27
DA:56,27
DA:57,27
DA:58,27
DA:59,1
DA:62,26
DA:69,2
DA:70,2
DA:71,2
DA:72,2
DA:73,2
DA:74,1
DA:77,1
DA:84,2
DA:85,2
DA:86,2
DA:87,2
DA:88,2
DA:89,1
DA:92,2
DA:93,2
DA:94,2
DA:95,1
DA:98,1
LF:52
LH:52
BRDA:11,0,0,1
BRDA:11,0,1,17
BRDA:25,1,0,1
BRDA:25,1,1,5
BRDA:28,2,0,3
BRDA:28,2,1,2
BRDA:41,3,0,1
BRDA:41,3,1,9
BRDA:44,4,0,1
BRDA:44,4,1,8
BRDA:58,5,0,1
BRDA:58,5,1,26
BRDA:73,6,0,1
BRDA:73,6,1,1
BRDA:88,7,0,1
BRDA:88,7,1,1
BRDA:94,8,0,1
BRDA:94,8,1,1
BRF:18
BRH:18
end_of_record
TN:
SF:dist-electron\data\datasource\ds-sqlite\PosDatabase.js
FN:15,(anonymous_0)
FN:18,(anonymous_1)
FN:19,(anonymous_2)
FN:43,(anonymous_3)
FN:49,(anonymous_4)
FN:50,(anonymous_5)
FN:52,(anonymous_6)
FN:69,(anonymous_7)
FN:70,(anonymous_8)
FN:80,(anonymous_9)
FN:92,(anonymous_10)
FN:93,(anonymous_11)
FN:100,(anonymous_12)
FN:112,(anonymous_13)
FN:113,(anonymous_14)
FN:124,(anonymous_15)
FN:136,(anonymous_16)
FN:137,(anonymous_17)
FN:148,(anonymous_18)
FN:160,(anonymous_19)
FN:161,(anonymous_20)
FN:170,(anonymous_21)
FN:182,(anonymous_22)
FN:183,(anonymous_23)
FN:192,(anonymous_24)
FN:204,(anonymous_25)
FN:210,(anonymous_26)
FN:216,(anonymous_27)
FN:222,(anonymous_28)
FN:228,(anonymous_29)
FN:234,(anonymous_30)
FNF:31
FNH:23
FNDA:16,(anonymous_0)
FNDA:16,(anonymous_1)
FNDA:16,(anonymous_2)
FNDA:101,(anonymous_3)
FNDA:0,(anonymous_4)
FNDA:0,(anonymous_5)
FNDA:0,(anonymous_6)
FNDA:16,(anonymous_7)
FNDA:16,(anonymous_8)
FNDA:16,(anonymous_9)
FNDA:16,(anonymous_10)
FNDA:16,(anonymous_11)
FNDA:16,(anonymous_12)
FNDA:16,(anonymous_13)
FNDA:16,(anonymous_14)
FNDA:16,(anonymous_15)
FNDA:16,(anonymous_16)
FNDA:16,(anonymous_17)
FNDA:16,(anonymous_18)
FNDA:16,(anonymous_19)
FNDA:16,(anonymous_20)
FNDA:16,(anonymous_21)
FNDA:16,(anonymous_22)
FNDA:16,(anonymous_23)
FNDA:16,(anonymous_24)
FNDA:0,(anonymous_25)
FNDA:0,(anonymous_26)
FNDA:0,(anonymous_27)
FNDA:0,(anonymous_28)
FNDA:0,(anonymous_29)
FNDA:16,(anonymous_30)
DA:8,16
DA:10,16
DA:11,16
DA:12,16
DA:13,16
DA:14,16
DA:16,16
DA:19,16
DA:20,16
DA:21,16
DA:22,16
DA:23,16
DA:24,16
DA:25,16
DA:26,16
DA:27,16
DA:28,16
DA:29,16
DA:30,16
DA:31,16
DA:32,16
DA:33,16
DA:34,16
DA:35,16
DA:38,0
DA:44,101
DA:45,0
DA:47,101
DA:50,0
DA:51,0
DA:52,0
DA:53,0
DA:54,0
DA:55,0
DA:58,0
DA:59,0
DA:60,0
DA:65,0
DA:70,16
DA:71,16
DA:72,0
DA:74,16
DA:81,16
DA:82,0
DA:83,0
DA:86,16
DA:87,16
DA:93,16
DA:94,16
DA:95,0
DA:97,16
DA:101,16
DA:102,0
DA:103,0
DA:106,16
DA:107,16
DA:113,16
DA:114,16
DA:115,0
DA:117,16
DA:125,16
DA:126,0
DA:127,0
DA:130,16
DA:131,16
DA:137,16
DA:138,16
DA:139,0
DA:141,16
DA:149,16
DA:150,0
DA:151,0
DA:154,16
DA:155,16
DA:161,16
DA:162,16
DA:163,0
DA:165,16
DA:171,16
DA:172,0
DA:173,0
DA:176,16
DA:177,16
DA:183,16
DA:184,16
DA:185,0
DA:187,16
DA:193,16
DA:194,0
DA:195,0
DA:198,16
DA:199,16
DA:205,0
DA:206,0
DA:208,0
DA:211,0
DA:212,0
DA:214,0
DA:217,0
DA:218,0
DA:220,0
DA:223,0
DA:224,0
DA:226,0
DA:229,0
DA:230,0
DA:232,0
DA:235,16
DA:236,16
DA:237,16
LF:110
LH:65
BRDA:20,0,0,16
BRDA:20,0,1,0
BRDA:21,1,0,16
BRDA:21,1,1,0
BRDA:22,2,0,16
BRDA:22,2,1,0
BRDA:44,3,0,0
BRDA:44,3,1,101
BRDA:51,4,0,0
BRDA:51,4,1,0
BRDA:53,5,0,0
BRDA:53,5,1,0
BRDA:71,6,0,0
BRDA:71,6,1,16
BRDA:81,7,0,0
BRDA:81,7,1,16
BRDA:94,8,0,0
BRDA:94,8,1,16
BRDA:101,9,0,0
BRDA:101,9,1,16
BRDA:114,10,0,0
BRDA:114,10,1,16
BRDA:125,11,0,0
BRDA:125,11,1,16
BRDA:138,12,0,0
BRDA:138,12,1,16
BRDA:149,13,0,0
BRDA:149,13,1,16
BRDA:162,14,0,0
BRDA:162,14,1,16
BRDA:171,15,0,0
BRDA:171,15,1,16
BRDA:184,16,0,0
BRDA:184,16,1,16
BRDA:193,17,0,0
BRDA:193,17,1,16
BRDA:205,18,0,0
BRDA:205,18,1,0
BRDA:211,19,0,0
BRDA:211,19,1,0
BRDA:217,20,0,0
BRDA:217,20,1,0
BRDA:223,21,0,0
BRDA:223,21,1,0
BRDA:229,22,0,0
BRDA:229,22,1,0
BRDA:236,23,0,16
BRDA:236,23,1,0
BRF:48
BRH:17
end_of_record
TN:
SF:dist-electron\data\datasource\ds-sqlite\ProductDao.js
FN:5,(anonymous_0)
FN:9,(anonymous_1)
FN:10,(anonymous_2)
FN:11,(anonymous_3)
FN:13,(anonymous_4)
FN:24,(anonymous_5)
FN:25,(anonymous_6)
FN:26,(anonymous_7)
FN:33,(anonymous_8)
FN:38,(anonymous_9)
FN:44,(anonymous_10)
FN:45,(anonymous_11)
FN:46,(anonymous_12)
FN:54,(anonymous_13)
FN:67,(anonymous_14)
FN:68,(anonymous_15)
FN:71,(anonymous_16)
FN:73,(anonymous_17)
FN:88,(anonymous_18)
FN:89,(anonymous_19)
FN:90,(anonymous_20)
FN:92,(anonymous_21)
FN:103,(anonymous_22)
FN:104,(anonymous_23)
FN:107,(anonymous_24)
FN:110,(anonymous_25)
FN:121,(anonymous_26)
FNF:27
FNH:26
FNDA:29,(anonymous_0)
FNDA:2,(anonymous_1)
FNDA:2,(anonymous_2)
FNDA:2,(anonymous_3)
FNDA:2,(anonymous_4)
FNDA:2,(anonymous_5)
FNDA:2,(anonymous_6)
FNDA:2,(anonymous_7)
FNDA:2,(anonymous_8)
FNDA:2,(anonymous_9)
FNDA:5,(anonymous_10)
FNDA:5,(anonymous_11)
FNDA:5,(anonymous_12)
FNDA:5,(anonymous_13)
FNDA:8,(anonymous_14)
FNDA:8,(anonymous_15)
FNDA:7,(anonymous_16)
FNDA:7,(anonymous_17)
FNDA:2,(anonymous_18)
FNDA:2,(anonymous_19)
FNDA:2,(anonymous_20)
FNDA:2,(anonymous_21)
FNDA:3,(anonymous_22)
FNDA:3,(anonymous_23)
FNDA:2,(anonymous_24)
FNDA:0,(anonymous_25)
FNDA:2,(anonymous_26)
DA:6,29
DA:7,29
DA:10,2
DA:11,2
DA:12,2
DA:13,2
DA:14,2
DA:15,1
DA:18,1
DA:25,2
DA:26,2
DA:27,2
DA:34,2
DA:35,1
DA:36,1
DA:38,2
DA:39,1
DA:45,5
DA:46,5
DA:47,5
DA:55,5
DA:56,1
DA:58,4
DA:59,1
DA:61,3
DA:62,3
DA:68,8
DA:69,8
DA:70,8
DA:71,7
DA:72,7
DA:73,7
DA:74,7
DA:75,1
DA:78,6
DA:84,1
DA:89,2
DA:90,2
DA:91,2
DA:92,2
DA:93,2
DA:94,1
DA:97,1
DA:104,3
DA:105,3
DA:106,3
DA:107,2
DA:108,2
DA:109,0
DA:110,0
DA:111,0
DA:112,0
DA:115,0
DA:120,2
DA:121,2
DA:122,2
DA:123,1
DA:126,1
DA:133,1
LF:59
LH:54
BRDA:14,0,0,1
BRDA:14,0,1,1
BRDA:34,1,0,1
BRDA:34,1,1,1
BRDA:55,2,0,1
BRDA:55,2,1,4
BRDA:58,3,0,1
BRDA:58,3,1,3
BRDA:70,4,0,7
BRDA:70,4,1,1
BRDA:73,5,0,0
BRDA:73,5,1,7
BRDA:74,6,0,1
BRDA:74,6,1,6
BRDA:93,7,0,1
BRDA:93,7,1,1
BRDA:106,8,0,2
BRDA:106,8,1,1
BRDA:108,9,0,0
BRDA:108,9,1,2
BRDA:110,10,0,0
BRDA:110,10,1,0
BRDA:111,11,0,0
BRDA:111,11,1,0
BRDA:121,12,0,1
BRDA:121,12,1,1
BRDA:122,13,0,1
BRDA:122,13,1,1
BRF:28
BRH:22
end_of_record
TN:
SF:dist-electron\data\datasource\ds-sqlite\SaleDao.js
FN:6,(anonymous_0)
FN:9,(anonymous_1)
FN:10,(anonymous_2)
FN:11,(anonymous_3)
FN:15,(anonymous_4)
FN:20,(anonymous_5)
FN:21,(anonymous_6)
FN:22,(anonymous_7)
FN:46,(anonymous_8)
FN:47,(anonymous_9)
FN:49,(anonymous_10)
FN:50,(anonymous_11)
FN:55,(anonymous_12)
FN:62,(anonymous_13)
FN:70,(anonymous_14)
FN:71,(anonymous_15)
FN:72,(anonymous_16)
FN:73,(anonymous_17)
FN:82,(anonymous_18)
FN:83,(anonymous_19)
FN:84,(anonymous_20)
FN:87,(anonymous_21)
FN:93,(anonymous_22)
FN:101,(anonymous_23)
FNF:24
FNH:1
FNDA:16,(anonymous_0)
FNDA:0,(anonymous_1)
FNDA:0,(anonymous_2)
FNDA:0,(anonymous_3)
FNDA:0,(anonymous_4)
FNDA:0,(anonymous_5)
FNDA:0,(anonymous_6)
FNDA:0,(anonymous_7)
FNDA:0,(anonymous_8)
FNDA:0,(anonymous_9)
FNDA:0,(anonymous_10)
FNDA:0,(anonymous_11)
FNDA:0,(anonymous_12)
FNDA:0,(anonymous_13)
FNDA:0,(anonymous_14)
FNDA:0,(anonymous_15)
FNDA:0,(anonymous_16)
FNDA:0,(anonymous_17)
FNDA:0,(anonymous_18)
FNDA:0,(anonymous_19)
FNDA:0,(anonymous_20)
FNDA:0,(anonymous_21)
FNDA:0,(anonymous_22)
FNDA:0,(anonymous_23)
DA:7,16
DA:10,0
DA:11,0
DA:12,0
DA:13,0
DA:15,0
DA:16,0
DA:21,0
DA:22,0
DA:23,0
DA:24,0
DA:25,0
DA:27,0
DA:28,0
DA:29,0
DA:30,0
DA:31,0
DA:33,0
DA:34,0
DA:37,0
DA:41,0
DA:47,0
DA:48,0
DA:49,0
DA:50,0
DA:51,0
DA:52,0
DA:54,0
DA:55,0
DA:56,0
DA:57,0
DA:58,0
DA:60,0
DA:61,0
DA:63,0
DA:71,0
DA:72,0
DA:73,0
DA:74,0
DA:75,0
DA:77,0
DA:83,0
DA:84,0
DA:85,0
DA:86,0
DA:87,0
DA:88,0
DA:89,0
DA:90,0
DA:93,0
DA:94,0
DA:95,0
DA:96,0
DA:98,0
DA:99,0
DA:101,0
DA:102,0
DA:105,0
LF:58
LH:1
BRDA:12,0,0,0
BRDA:12,0,1,0
BRDA:23,1,0,0
BRDA:23,1,1,0
BRDA:27,2,0,0
BRDA:27,2,1,0
BRDA:30,3,0,0
BRDA:30,3,1,0
BRDA:51,4,0,0
BRDA:51,4,1,0
BRDA:54,5,0,0
BRDA:54,5,1,0
BRDA:57,6,0,0
BRDA:57,6,1,0
BRDA:74,7,0,0
BRDA:74,7,1,0
BRDA:88,8,0,0
BRDA:88,8,1,0
BRDA:94,9,0,0
BRDA:94,9,1,0
BRDA:98,10,0,0
BRDA:98,10,1,0
BRF:22
BRH:0
end_of_record
TN:
SF:dist-electron\data\datasource\ds-sqlite\UserDao.js
FN:4,(anonymous_0)
FN:7,(anonymous_1)
FN:8,(anonymous_2)
FN:9,(anonymous_3)
FN:10,(anonymous_4)
FN:25,(anonymous_5)
FN:26,(anonymous_6)
FN:27,(anonymous_7)
FN:28,(anonymous_8)
FN:33,(anonymous_9)
FN:39,(anonymous_10)
FN:40,(anonymous_11)
FN:41,(anonymous_12)
FN:42,(anonymous_13)
FN:55,(anonymous_14)
FN:56,(anonymous_15)
FN:57,(anonymous_16)
FN:59,(anonymous_17)
FN:70,(anonymous_18)
FN:71,(anonymous_19)
FN:72,(anonymous_20)
FN:74,(anonymous_21)
FN:85,(anonymous_22)
FN:86,(anonymous_23)
FN:87,(anonymous_24)
FN:89,(anonymous_25)
FNF:26
FNH:17
FNDA:19,(anonymous_0)
FNDA:0,(anonymous_1)
FNDA:0,(anonymous_2)
FNDA:0,(anonymous_3)
FNDA:0,(anonymous_4)
FNDA:0,(anonymous_5)
FNDA:0,(anonymous_6)
FNDA:0,(anonymous_7)
FNDA:0,(anonymous_8)
FNDA:0,(anonymous_9)
FNDA:5,(anonymous_10)
FNDA:5,(anonymous_11)
FNDA:5,(anonymous_12)
FNDA:5,(anonymous_13)
FNDA:3,(anonymous_14)
FNDA:3,(anonymous_15)
FNDA:3,(anonymous_16)
FNDA:3,(anonymous_17)
FNDA:1,(anonymous_18)
FNDA:1,(anonymous_19)
FNDA:1,(anonymous_20)
FNDA:1,(anonymous_21)
FNDA:1,(anonymous_22)
FNDA:1,(anonymous_23)
FNDA:1,(anonymous_24)
FNDA:1,(anonymous_25)
DA:5,19
DA:8,0
DA:9,0
DA:10,0
DA:11,0
DA:12,0
DA:14,0
DA:15,0
DA:16,0
DA:19,0
DA:26,0
DA:27,0
DA:28,0
DA:29,0
DA:30,0
DA:31,0
DA:33,0
DA:34,0
DA:40,5
DA:41,5
DA:42,5
DA:43,5
DA:44,0
DA:46,5
DA:47,1
DA:49,4
DA:50,4
DA:56,3
DA:57,3
DA:58,3
DA:59,3
DA:60,3
DA:61,0
DA:64,3
DA:71,1
DA:72,1
DA:73,1
DA:74,1
DA:75,1
DA:76,0
DA:79,1
DA:86,1
DA:87,1
DA:88,1
DA:89,1
DA:90,1
DA:91,0
DA:94,1
LF:48
LH:27
BRDA:11,0,0,0
BRDA:11,0,1,0
BRDA:14,1,0,0
BRDA:14,1,1,0
BRDA:29,2,0,0
BRDA:29,2,1,0
BRDA:43,3,0,0
BRDA:43,3,1,5
BRDA:46,4,0,1
BRDA:46,4,1,4
BRDA:59,5,0,3
BRDA:59,5,1,0
BRDA:60,6,0,0
BRDA:60,6,1,3
BRDA:74,7,0,1
BRDA:74,7,1,0
BRDA:75,8,0,0
BRDA:75,8,1,1
BRDA:90,9,0,0
BRDA:90,9,1,1
BRF:20
BRH:8
end_of_record
TN:
SF:dist-electron\data\datasource\utils\DateUtils.js
FN:7,toMysqlDatetime
FN:16,fromMysqlDatetime
FNF:2
FNH:2
FNDA:5,toMysqlDatetime
FNDA:1,fromMysqlDatetime
DA:8,5
DA:17,1
DA:18,0
DA:20,1
LF:4
LH:3
BRDA:17,0,0,0
BRDA:17,0,1,1
BRF:2
BRH:1
end_of_record
TN:
SF:dist-electron\data\model\CashClosing.js
FN:6,(anonymous_0)
FNF:1
FNH:1
FNDA:6,(anonymous_0)
DA:7,6
DA:8,6
DA:9,6
DA:10,6
LF:4
LH:4
BRF:0
BRH:0
end_of_record
TN:
SF:dist-electron\data\model\Category.js
FN:4,(anonymous_0)
FNF:1
FNH:1
FNDA:16,(anonymous_0)
DA:5,16
DA:6,16
LF:2
LH:2
BRF:0
BRH:0
end_of_record
TN:
SF:dist-electron\data\model\Product.js
FN:8,(anonymous_0)
FNF:1
FNH:1
FNDA:12,(anonymous_0)
DA:6,12
DA:9,12
DA:10,12
DA:11,12
DA:12,12
DA:13,12
DA:14,12
LF:7
LH:7
BRF:0
BRH:0
end_of_record
TN:
SF:dist-electron\data\model\Sale.js
FN:9,(anonymous_0)
FNF:1
FNH:0
FNDA:0,(anonymous_0)
DA:10,0
DA:11,0
DA:12,0
DA:13,0
DA:14,0
DA:15,0
DA:16,0
LF:7
LH:0
BRDA:13,0,0,0
BRDA:13,0,1,0
BRF:2
BRH:0
end_of_record
TN:
SF:dist-electron\data\model\SalesProduct.js
FN:5,(anonymous_0)
FNF:1
FNH:0
FNDA:0,(anonymous_0)
DA:6,0
DA:7,0
DA:8,0
LF:3
LH:0
BRF:0
BRH:0
end_of_record
TN:
SF:dist-electron\data\model\User.js
FN:6,(anonymous_0)
FNF:1
FNH:1
FNDA:11,(anonymous_0)
DA:5,11
DA:7,11
DA:8,11
DA:9,11
DA:10,11
DA:11,11
LF:6
LH:6
BRDA:7,0,0,11
BRDA:7,0,1,0
BRF:2
BRH:1
end_of_record
TN:
SF:dist-electron\data\model\UserSession.js
FN:4,(anonymous_0)
FNF:1
FNH:0
FNDA:0,(anonymous_0)
DA:5,0
DA:6,0
LF:2
LH:0
BRF:0
BRH:0
end_of_record
TN:
SF:dist-electron\data\repository\UserRepository.js
FN:7,(anonymous_0)
FN:10,(anonymous_1)
FN:13,(anonymous_2)
FN:16,(anonymous_3)
FN:28,(anonymous_4)
FN:47,(anonymous_5)
FN:49,(anonymous_6)
FN:56,(anonymous_7)
FN:70,(anonymous_8)
FN:79,(anonymous_9)
FN:80,(anonymous_10)
FN:85,(anonymous_11)
FNF:12
FNH:10
FNDA:10,(anonymous_0)
FNDA:1,(anonymous_1)
FNDA:3,(anonymous_2)
FNDA:3,(anonymous_3)
FNDA:3,(anonymous_4)
FNDA:2,(anonymous_5)
FNDA:0,(anonymous_6)
FNDA:0,(anonymous_7)
FNDA:3,(anonymous_8)
FNDA:2,(anonymous_9)
FNDA:2,(anonymous_10)
FNDA:2,(anonymous_11)
DA:8,10
DA:11,1
DA:14,3
DA:17,3
DA:18,2
DA:19,2
DA:20,2
DA:21,2
DA:24,1
DA:29,3
DA:30,2
DA:31,2
DA:32,2
DA:33,2
DA:36,1
DA:40,0
DA:44,1
DA:48,2
DA:49,0
DA:50,0
DA:51,0
DA:54,2
DA:57,0
DA:58,0
DA:59,0
DA:60,0
DA:63,0
DA:67,0
DA:71,3
DA:72,1
DA:73,2
DA:74,0
DA:75,2
DA:76,0
DA:77,2
DA:80,2
DA:81,2
DA:82,2
DA:86,2
LF:39
LH:27
BRDA:17,0,0,2
BRDA:17,0,1,0
BRDA:29,1,0,2
BRDA:29,1,1,1
BRDA:29,2,0,3
BRDA:29,2,1,2
BRDA:29,2,2,2
BRDA:31,3,0,2
BRDA:31,3,1,0
BRDA:48,4,0,0
BRDA:48,4,1,2
BRDA:50,5,0,0
BRDA:50,5,1,0
BRDA:59,6,0,0
BRDA:59,6,1,0
BRDA:59,7,0,0
BRDA:59,7,1,0
BRDA:71,8,0,1
BRDA:71,8,1,2
BRDA:71,9,0,3
BRDA:71,9,1,2
BRDA:73,10,0,0
BRDA:73,10,1,2
BRDA:75,11,0,0
BRDA:75,11,1,2
BRDA:75,12,0,2
BRDA:75,12,1,2
BRF:27
BRH:16
end_of_record
TN:
SF:src\data\model\Category.ts
FN:5,(anonymous_0)
FNF:1
FNH:1
FNDA:3,(anonymous_0)
DA:6,3
DA:7,3
LF:2
LH:2
BRF:0
BRH:0
end_of_record
TN:
SF:src\data\repository\CategoryRepository.ts
FN:7,(anonymous_0)
FN:11,(anonymous_1)
FN:15,(anonymous_2)
FN:19,(anonymous_3)
FN:29,(anonymous_4)
FN:45,(anonymous_5)
FN:53,(anonymous_6)
FNF:7
FNH:7
FNDA:11,(anonymous_0)
FNDA:1,(anonymous_1)
FNDA:5,(anonymous_2)
FNDA:3,(anonymous_3)
FNDA:4,(anonymous_4)
FNDA:2,(anonymous_5)
FNDA:6,(anonymous_6)
DA:8,11
DA:12,1
DA:16,5
DA:20,3
DA:21,2
DA:22,2
DA:24,1
DA:30,4
DA:31,4
DA:32,4
DA:33,3
DA:34,2
DA:35,2
DA:36,2
DA:38,1
DA:46,2
DA:47,2
DA:49,1
DA:54,6
DA:55,2
DA:57,4
LF:21
LH:21
BRDA:20,0,0,2
BRDA:20,0,1,0
BRDA:30,1,0,4
BRDA:30,1,1,0
BRDA:32,2,0,3
BRDA:32,2,1,1
BRDA:33,3,0,2
BRDA:33,3,1,0
BRDA:54,4,0,2
BRDA:54,4,1,4
BRDA:54,5,0,6
BRDA:54,5,1,4
BRDA:54,5,2,4
BRF:13
BRH:10
end_of_record
