TN:
SF:src\data\datasource\ds-sqlite\PosDatabase.ts
FN:8,(anonymous_0)
FN:12,(anonymous_1)
FN:13,(anonymous_2)
FN:26,(anonymous_3)
FN:33,(anonymous_4)
FN:34,(anonymous_5)
FN:36,(anonymous_6)
FN:52,(anonymous_7)
FN:53,(anonymous_8)
FN:62,(anonymous_9)
FNF:10
FNH:7
FNDA:3,(anonymous_0)
FNDA:3,(anonymous_1)
FNDA:3,(anonymous_2)
FNDA:3,(anonymous_3)
FNDA:0,(anonymous_4)
FNDA:0,(anonymous_5)
FNDA:0,(anonymous_6)
FNDA:3,(anonymous_7)
FNDA:3,(anonymous_8)
FNDA:3,(anonymous_9)
DA:5,3
DA:9,3
DA:13,3
DA:14,3
DA:15,3
DA:16,3
DA:17,3
DA:18,3
DA:20,0
DA:27,3
DA:28,0
DA:30,3
DA:34,0
DA:35,0
DA:36,0
DA:37,0
DA:38,0
DA:39,0
DA:41,0
DA:42,0
DA:43,0
DA:47,0
DA:53,3
DA:54,3
DA:55,0
DA:57,3
DA:63,3
DA:64,0
DA:65,0
DA:67,3
DA:68,3
LF:31
LH:16
BRDA:14,0,0,3
BRDA:14,0,1,0
BRDA:15,1,0,3
BRDA:15,1,1,0
BRDA:16,2,0,3
BRDA:16,2,1,0
BRDA:27,3,0,0
BRDA:27,3,1,3
BRDA:35,4,0,0
BRDA:35,4,1,0
BRDA:37,5,0,0
BRDA:37,5,1,0
BRDA:54,6,0,0
BRDA:54,6,1,3
BRDA:63,7,0,0
BRDA:63,7,1,3
BRF:16
BRH:6
end_of_record
TN:
SF:src\data\datasource\ds-sqlite\UserDao.ts
FN:9,(anonymous_0)
FN:13,(anonymous_1)
FN:14,(anonymous_2)
FN:15,(anonymous_3)
FN:16,(anonymous_4)
FN:21,(anonymous_5)
FN:33,(anonymous_6)
FN:34,(anonymous_7)
FN:35,(anonymous_8)
FN:36,(anonymous_9)
FN:55,(anonymous_10)
FN:56,(anonymous_11)
FN:57,(anonymous_12)
FN:66,(anonymous_13)
FN:79,(anonymous_14)
FN:80,(anonymous_15)
FN:81,(anonymous_16)
FN:90,(anonymous_17)
FN:103,(anonymous_18)
FN:104,(anonymous_19)
FN:105,(anonymous_20)
FN:111,(anonymous_21)
FNF:22
FNH:17
FNDA:3,(anonymous_0)
FNDA:0,(anonymous_1)
FNDA:0,(anonymous_2)
FNDA:0,(anonymous_3)
FNDA:0,(anonymous_4)
FNDA:0,(anonymous_5)
FNDA:5,(anonymous_6)
FNDA:5,(anonymous_7)
FNDA:5,(anonymous_8)
FNDA:5,(anonymous_9)
FNDA:3,(anonymous_10)
FNDA:3,(anonymous_11)
FNDA:3,(anonymous_12)
FNDA:3,(anonymous_13)
FNDA:1,(anonymous_14)
FNDA:1,(anonymous_15)
FNDA:1,(anonymous_16)
FNDA:1,(anonymous_17)
FNDA:1,(anonymous_18)
FNDA:1,(anonymous_19)
FNDA:1,(anonymous_20)
FNDA:1,(anonymous_21)
DA:10,3
DA:14,0
DA:15,0
DA:16,0
DA:17,0
DA:18,0
DA:19,0
DA:21,0
DA:27,0
DA:34,5
DA:35,5
DA:36,5
DA:37,5
DA:38,0
DA:40,5
DA:41,1
DA:43,4
DA:49,4
DA:56,3
DA:57,3
DA:58,3
DA:61,3
DA:67,3
DA:68,0
DA:70,3
DA:74,3
DA:80,1
DA:81,1
DA:82,1
DA:85,1
DA:91,1
DA:92,0
DA:94,1
DA:98,1
DA:104,1
DA:105,1
DA:106,1
DA:109,1
DA:112,1
DA:113,0
DA:115,1
LF:41
LH:29
BRDA:17,0,0,0
BRDA:17,0,1,0
BRDA:37,1,0,0
BRDA:37,1,1,5
BRDA:40,2,0,1
BRDA:40,2,1,4
BRDA:65,3,0,3
BRDA:65,3,1,0
BRDA:67,4,0,0
BRDA:67,4,1,3
BRDA:88,5,0,1
BRDA:88,5,1,0
BRDA:91,6,0,0
BRDA:91,6,1,1
BRDA:112,7,0,0
BRDA:112,7,1,1
BRF:16
BRH:8
end_of_record
TN:
SF:src\data\model\User.ts
FN:7,(anonymous_0)
FNF:1
FNH:1
FNDA:9,(anonymous_0)
DA:5,9
DA:8,9
DA:9,9
DA:10,9
DA:11,9
LF:5
LH:5
BRDA:8,0,0,9
BRDA:8,0,1,0
BRF:2
BRH:1
end_of_record
TN:
SF:src\data\repository\UserRepository.ts
FN:9,(anonymous_0)
FN:13,(anonymous_1)
FN:17,(anonymous_2)
FN:21,(anonymous_3)
FN:34,(anonymous_4)
FN:49,(anonymous_5)
FN:53,(anonymous_6)
FN:60,(anonymous_7)
FN:61,(anonymous_8)
FNF:9
FNH:9
FNDA:5,(anonymous_0)
FNDA:1,(anonymous_1)
FNDA:2,(anonymous_2)
FNDA:1,(anonymous_3)
FNDA:1,(anonymous_4)
FNDA:1,(anonymous_5)
FNDA:2,(anonymous_6)
FNDA:1,(anonymous_7)
FNDA:1,(anonymous_8)
DA:10,5
DA:14,1
DA:18,2
DA:22,1
DA:23,1
DA:24,1
DA:25,1
DA:29,0
DA:35,1
DA:36,1
DA:37,1
DA:38,1
DA:39,1
DA:41,0
DA:44,0
DA:50,1
DA:54,2
DA:55,2
DA:56,2
DA:57,2
DA:61,1
DA:62,1
DA:64,1
LF:23
LH:20
BRDA:22,0,0,1
BRDA:22,0,1,0
BRDA:35,1,0,1
BRDA:35,1,1,0
BRDA:37,2,0,1
BRDA:37,2,1,0
BRDA:54,3,0,0
BRDA:54,3,1,2
BRDA:54,4,0,2
BRDA:54,4,1,2
BRDA:55,5,0,0
BRDA:55,5,1,2
BRDA:56,6,0,0
BRDA:56,6,1,2
BRDA:56,7,0,2
BRDA:56,7,1,2
BRF:16
BRH:10
end_of_record
